<?xml version="1.0" encoding="utf-8"?><testsuites name="pytest tests"><testsuite name="pytest" errors="0" failures="10" skipped="37" tests="799" time="836.936" timestamp="2025-11-25T07:27:57.375722-05:00" hostname="devbox"><testcase classname="tests.benchmark.chunker.test_performance.TestChunkerPerformance" name="test_typical_python_file_performance" time="9.710" /><testcase classname="tests.benchmark.chunker.test_performance.TestChunkerPerformance" name="test_typical_javascript_file_performance" time="9.275" /><testcase classname="tests.benchmark.chunker.test_performance.TestChunkerPerformance" name="test_large_python_file_performance" time="39.888" /><testcase classname="tests.benchmark.chunker.test_performance.TestChunkerPerformance" name="test_very_large_python_file_performance" time="38.121" /><testcase classname="tests.benchmark.chunker.test_performance.TestChunkerPerformance" name="test_memory_usage_typical_file" time="3.603" /><testcase classname="tests.benchmark.chunker.test_performance.TestChunkerPerformance" name="test_memory_usage_large_file" time="14.090" /><testcase classname="tests.benchmark.chunker.test_performance.TestChunkerPerformance" name="test_bulk_file_throughput" time="2.482" /><testcase classname="tests.benchmark.chunker.test_performance.TestChunkerPerformance" name="test_semantic_vs_delimiter_performance" time="10.410" /><testcase classname="tests.benchmark.chunker.test_performance.TestChunkerScalability" name="test_chunking_consistency_across_sizes" time="5.791" /><testcase classname="tests.benchmark.chunker.test_performance.TestChunkerScalability" name="test_concurrent_chunking_safety" time="2.436" /><testcase classname="tests.contract.test_build_output" name="test_validate_build_output" time="2.886" /><testcase classname="tests.contract.test_build_output" name="test_build_command_success" time="0.017" /><testcase classname="tests.contract.test_find_code_contract.TestFindCodeSignature" name="test_find_code_is_async" time="0.002" /><testcase classname="tests.contract.test_find_code_contract.TestFindCodeSignature" name="test_find_code_parameters" time="0.002" /><testcase classname="tests.contract.test_find_code_contract.TestFindCodeSignature" name="test_find_code_parameter_defaults" time="0.002" /><testcase classname="tests.contract.test_find_code_contract.TestFindCodeSignature" name="test_find_code_return_type" time="0.002" /><testcase classname="tests.contract.test_find_code_contract.TestFindCodeResponseSchema" name="test_response_model_is_pydantic" time="0.002" /><testcase classname="tests.contract.test_find_code_contract.TestFindCodeResponseSchema" name="test_response_required_fields" time="0.028" /><testcase classname="tests.contract.test_find_code_contract.TestFindCodeResponseSchema" name="test_response_field_types" time="0.023" /><testcase classname="tests.contract.test_find_code_contract.TestFindCodeResponseSchema" name="test_response_validates_constraints" time="0.003" /><testcase classname="tests.contract.test_find_code_contract.TestFindCodeResponseSchema" name="test_response_model_creates_valid_instance" time="0.002" /><testcase classname="tests.contract.test_find_code_contract.TestCodeMatchSchema" name="test_code_match_required_fields" time="0.019" /><testcase classname="tests.contract.test_find_code_contract.TestCodeMatchSchema" name="test_code_match_relevance_score_range" time="0.017" /><testcase classname="tests.contract.test_find_code_contract.TestCodeMatchSchema" name="test_code_match_match_type_enum" time="0.002" /><testcase classname="tests.contract.test_find_code_contract.TestCodeMatchSchema" name="test_code_match_span_validation" time="0.002" /><testcase classname="tests.contract.test_find_code_contract.TestSearchStrategyEnum" name="test_search_strategy_values" time="0.002" /><testcase classname="tests.contract.test_find_code_contract.TestIntentTypeEnum" name="test_intent_type_values" time="0.001" /><testcase classname="tests.contract.test_find_code_contract.TestParameterValidation" name="test_token_limit_constraints" time="0.002" /><testcase classname="tests.contract.test_find_code_contract.TestParameterValidation" name="test_max_results_constraints" time="0.002" /><testcase classname="tests.contract.test_find_code_contract.TestParameterValidation" name="test_query_min_length" time="0.002" /><testcase classname="tests.contract.test_find_code_contract.TestContractExamples" name="test_example_simple_search_response_structure" time="0.002" /><testcase classname="tests.contract.test_find_code_contract.TestTypesSafety" name="test_response_is_not_dict" time="0.002" /><testcase classname="tests.contract.test_find_code_contract.TestTypesSafety" name="test_pydantic_model_validation" time="0.001" /><testcase classname="tests.contract.test_find_code_contract.TestTypesSafety" name="test_response_schema_serialization" time="0.002" /><testcase classname="tests.contract.test_memory_provider.TestMemoryProviderContract" name="test_implements_vector_store_provider" time="0.004" /><testcase classname="tests.contract.test_memory_provider.TestMemoryProviderContract" name="test_list_collections" time="0.192" /><testcase classname="tests.contract.test_memory_provider.TestMemoryProviderContract" name="test_search" time="0.215" /><testcase classname="tests.contract.test_memory_provider.TestMemoryProviderContract" name="test_upsert" time="0.222" /><testcase classname="tests.contract.test_memory_provider.TestMemoryProviderContract" name="test_delete_by_file" time="0.161" /><testcase classname="tests.contract.test_memory_provider.TestMemoryProviderContract" name="test_delete_by_id" time="0.169" /><testcase classname="tests.contract.test_memory_provider.TestMemoryProviderContract" name="test_delete_by_name" time="0.207" /><testcase classname="tests.contract.test_memory_provider.TestMemoryProviderContract" name="test_persist_to_disk" time="0.186" /><testcase classname="tests.contract.test_memory_provider.TestMemoryProviderContract" name="test_restore_from_disk" time="0.277" /><testcase classname="tests.contract.test_memory_provider.TestMemoryProviderContract" name="test_persistence_file_format" time="0.877" /><testcase classname="tests.contract.test_memory_provider.TestMemoryProviderContract" name="test_auto_persist_on_upsert" time="0.153" /><testcase classname="tests.contract.test_memory_provider.TestMemoryProviderContract" name="test_collection_property" time="0.108" /><testcase classname="tests.contract.test_metadata_validation" name="test_validate_twine_check" time="2.781" /><testcase classname="tests.contract.test_metadata_validation" name="test_metadata_completeness" time="0.010" /><testcase classname="tests.contract.test_publish_validation" name="test_validate_publish_output_testpypi" time="0.001"><skipped type="pytest.skip" message="Requires actual TestPyPI/PyPI publish - run manually after publish">/home/knitli/codeweaver/tests/contract/test_publish_validation.py:56: Requires actual TestPyPI/PyPI publish - run manually after publish</skipped></testcase><testcase classname="tests.contract.test_publish_validation" name="test_validate_publish_output_pypi" time="0.000"><skipped type="pytest.skip" message="Requires actual PyPI publish - run manually after production publish">/home/knitli/codeweaver/tests/contract/test_publish_validation.py:122: Requires actual PyPI publish - run manually after production publish</skipped></testcase><testcase classname="tests.contract.test_publish_validation" name="test_local_installation" time="53.093" /><testcase classname="tests.contract.test_qdrant_provider.TestQdrantProviderContract" name="test_implements_vector_store_provider" time="0.003" /><testcase classname="tests.contract.test_qdrant_provider.TestQdrantProviderContract" name="test_list_collections" time="0.698" /><testcase classname="tests.contract.test_qdrant_provider.TestQdrantProviderContract" name="test_search_with_dense_vector" time="0.618" /><testcase classname="tests.contract.test_qdrant_provider.TestQdrantProviderContract" name="test_search_with_sparse_vector" time="0.532" /><testcase classname="tests.contract.test_qdrant_provider.TestQdrantProviderContract" name="test_search_with_hybrid_vectors" time="0.512" /><testcase classname="tests.contract.test_qdrant_provider.TestQdrantProviderContract" name="test_upsert_batch_of_chunks" time="1.674" /><testcase classname="tests.contract.test_qdrant_provider.TestQdrantProviderContract" name="test_delete_by_file" time="0.480" /><testcase classname="tests.contract.test_qdrant_provider.TestQdrantProviderContract" name="test_delete_by_file_idempotent" time="0.310" /><testcase classname="tests.contract.test_qdrant_provider.TestQdrantProviderContract" name="test_delete_by_id" time="0.455" /><testcase classname="tests.contract.test_qdrant_provider.TestQdrantProviderContract" name="test_delete_by_name" time="0.405" /><testcase classname="tests.contract.test_qdrant_provider.TestQdrantProviderContract" name="test_collection_property" time="0.334"><failure message="AssertionError: assert 2 &gt;= 3&#10; +  where 2 = len(['contract', '42601fb4'])">self = &lt;tests.contract.test_qdrant_provider.TestQdrantProviderContract object at 0x752d1e1caf30&gt;
qdrant_provider = QdrantVectorStoreProvider(config={'url': 'http://localhost:6333', 'collection_name': 'contract-42601fb4'}, _client=Non...okenizer_model=None, preferred_metrics=('cosine', 'dot', 'euclidean'), hf_name=None, other={}), 'backup_sparse': None})

    #x1B[0m#x1B[37m@pytest#x1B[39;49;00m.mark.qdrant#x1B[90m#x1B[39;49;00m
    #x1B[37m@pytest#x1B[39;49;00m.mark.asyncio#x1B[90m#x1B[39;49;00m
    #x1B[94masync#x1B[39;49;00m #x1B[94mdef#x1B[39;49;00m#x1B[90m #x1B[39;49;00m#x1B[92mtest_collection_property#x1B[39;49;00m(#x1B[96mself#x1B[39;49;00m, qdrant_provider):#x1B[90m#x1B[39;49;00m
    #x1B[90m    #x1B[39;49;00m#x1B[33m"""Test collection property returns configured collection name."""#x1B[39;49;00m#x1B[90m#x1B[39;49;00m
        #x1B[90m# Collection name is generated from project_name + blake_hash(project_path)#x1B[39;49;00m#x1B[90m#x1B[39;49;00m
        #x1B[90m# For tests, this resolves to: codeweaver-test-{8_char_hash}#x1B[39;49;00m#x1B[90m#x1B[39;49;00m
        #x1B[94massert#x1B[39;49;00m qdrant_provider.collection #x1B[95mis#x1B[39;49;00m #x1B[95mnot#x1B[39;49;00m #x1B[94mNone#x1B[39;49;00m#x1B[90m#x1B[39;49;00m
        #x1B[94massert#x1B[39;49;00m #x1B[33m"#x1B[39;49;00m#x1B[33m-#x1B[39;49;00m#x1B[33m"#x1B[39;49;00m #x1B[95min#x1B[39;49;00m qdrant_provider.collection#x1B[90m#x1B[39;49;00m
        parts = qdrant_provider.collection.split(#x1B[33m"#x1B[39;49;00m#x1B[33m-#x1B[39;49;00m#x1B[33m"#x1B[39;49;00m)#x1B[90m#x1B[39;49;00m
        #x1B[90m# Should have at least 3 parts: project, name, hash (e.g., codeweaver-test-751748d4)#x1B[39;49;00m#x1B[90m#x1B[39;49;00m
&gt;       #x1B[94massert#x1B[39;49;00m #x1B[96mlen#x1B[39;49;00m(parts) &gt;= #x1B[94m3#x1B[39;49;00m#x1B[90m#x1B[39;49;00m
#x1B[1m#x1B[31mE       AssertionError: assert 2 &gt;= 3#x1B[0m
#x1B[1m#x1B[31mE        +  where 2 = len(['contract', '42601fb4'])#x1B[0m

#x1B[1m#x1B[31mtests/contract/test_qdrant_provider.py#x1B[0m:346: AssertionError</failure></testcase><testcase classname="tests.contract.test_qdrant_provider.TestQdrantProviderContract" name="test_base_url_property" time="0.327" /><testcase classname="tests.contract.test_vector_store_provider.TestVectorStoreProviderContract" name="test_abstract_methods_defined" time="0.002" /><testcase classname="tests.contract.test_vector_store_provider.TestVectorStoreProviderContract" name="test_list_collections_signature" time="0.002" /><testcase classname="tests.contract.test_vector_store_provider.TestVectorStoreProviderContract" name="test_search_signature" time="0.002" /><testcase classname="tests.contract.test_vector_store_provider.TestVectorStoreProviderContract" name="test_upsert_signature" time="0.002" /><testcase classname="tests.contract.test_vector_store_provider.TestVectorStoreProviderContract" name="test_delete_by_file_signature" time="0.003" /><testcase classname="tests.contract.test_vector_store_provider.TestVectorStoreProviderContract" name="test_delete_by_id_signature" time="0.002" /><testcase classname="tests.contract.test_vector_store_provider.TestVectorStoreProviderContract" name="test_delete_by_name_signature" time="0.002" /><testcase classname="tests.contract.test_vector_store_provider.TestVectorStoreProviderContract" name="test_properties_defined" time="0.002" /><testcase classname="tests.contract.test_vector_store_provider.TestVectorStoreProviderContract" name="test_cannot_instantiate_abstract_class" time="0.002" /><testcase classname="tests.contract.test_vector_store_provider.TestVectorStoreProviderContract" name="test_generic_type_parameter" time="0.002" /><testcase classname="tests.contract.test_version_derivation" name="test_validate_version_derivation" time="2.305" /><testcase classname="tests.contract.test_version_derivation" name="test_version_consistency" time="2.191" /><testcase classname="tests.e2e.test_user_journeys.TestNewUserQuickStart" name="test_new_user_quick_start_journey" time="0.133" /><testcase classname="tests.e2e.test_user_journeys.TestNewUserQuickStart" name="test_quick_start_with_config_show" time="0.143" /><testcase classname="tests.e2e.test_user_journeys.TestNewUserQuickStart" name="test_quick_start_list_capabilities" time="0.230" /><testcase classname="tests.e2e.test_user_journeys.TestOfflineDeveloperWorkflow" name="test_offline_developer_workflow" time="0.106" /><testcase classname="tests.e2e.test_user_journeys.TestOfflineDeveloperWorkflow" name="test_offline_list_local_providers" time="0.137" /><testcase classname="tests.e2e.test_user_journeys.TestOfflineDeveloperWorkflow" name="test_offline_config_modifications" time="0.132" /><testcase classname="tests.e2e.test_user_journeys.TestProductionDeploymentWorkflow" name="test_production_deployment_workflow" time="0.006" /><testcase classname="tests.e2e.test_user_journeys.TestProductionDeploymentWorkflow" name="test_production_env_var_override" time="0.061" /><testcase classname="tests.e2e.test_user_journeys.TestProductionDeploymentWorkflow" name="test_production_multiple_environments" time="0.006" /><testcase classname="tests.e2e.test_user_journeys.TestCompleteUserJourneys" name="test_first_time_user_complete_journey" time="0.158" /><testcase classname="tests.e2e.test_user_journeys.TestCompleteUserJourneys" name="test_power_user_custom_setup" time="0.087" /><testcase classname="tests.e2e.test_user_journeys.TestCompleteUserJourneys" name="test_team_collaboration_workflow" time="0.069" /><testcase classname="tests.integration.chunker.test_e2e" name="test_e2e_real_python_file" time="0.074" /><testcase classname="tests.integration.chunker.test_e2e" name="test_e2e_degradation_chain" time="0.005" /><testcase classname="tests.integration.chunker.test_e2e" name="test_e2e_multiple_files_parallel_process" time="3.841" /><testcase classname="tests.integration.chunker.test_e2e" name="test_e2e_multiple_files_parallel_thread" time="4.932" /><testcase classname="tests.integration.chunker.test_e2e" name="test_e2e_parallel_error_handling" time="0.136" /><testcase classname="tests.integration.chunker.test_e2e" name="test_e2e_parallel_empty_file_list" time="0.002" /><testcase classname="tests.integration.chunker.test_e2e" name="test_e2e_parallel_dict_convenience" time="2.329" /><testcase classname="tests.integration.cli.test_init_workflows.TestInitFullWorkflow" name="test_full_init_creates_both_configs" time="0.117" /><testcase classname="tests.integration.cli.test_init_workflows.TestInitFullWorkflow" name="test_http_streaming_architecture" time="0.108" /><testcase classname="tests.integration.cli.test_init_workflows.TestInitModes" name="test_config_only_flag" time="0.113" /><testcase classname="tests.integration.cli.test_init_workflows.TestInitModes" name="test_mcp_only_flag" time="0.033" /><testcase classname="tests.integration.cli.test_init_workflows.TestInitIntegration" name="test_init_then_config_show" time="0.139" /><testcase classname="tests.integration.cli.test_init_workflows.TestInitIntegration" name="test_init_then_doctor" time="0.145" /><testcase classname="tests.integration.cli.test_init_workflows.TestInitIntegration" name="test_init_respects_existing_config" time="0.107" /><testcase classname="tests.integration.cli.test_init_workflows.TestInitMultipleClients" name="test_init_claude_code" time="0.030" /><testcase classname="tests.integration.cli.test_init_workflows.TestInitMultipleClients" name="test_init_claude_desktop" time="0.065" /><testcase classname="tests.integration.cli.test_init_workflows.TestInitMultipleClients" name="test_init_multiple_clients_sequentially" time="0.091" /><testcase classname="tests.integration.providers.test_embedding_failover" name="test_registry_cross_provider_collision" time="15.333"><failure message="ValueError: Embeddings are already set for dense in chunk 06925a0c-d497-70fe-8000-07d72ec7a19a.">sample_chunk = CodeChunk(content='def test_function():\n    return 42', line_range=Span(1, 2, 06925a1a-92b4-7117-8000-c061a2306a76), ...'Filename: test.py | Language: Python | Category: Text block', length=226, token_estimate=56, line_start=1, line_end=2)
primary_embedding_provider = SentenceTransformersEmbeddingProvider(client=SentenceTransformer(
  (0): Transformer({'max_seq_length': 8192, 'do_lowe...te_code': True, 'normalize_embeddings': True, 'model_name_or_path': 'ibm-granite/granite-embedding-small-english-r2'}})
backup_embedding_provider = SentenceTransformersEmbeddingProvider(client=SentenceTransformer(
  (0): Transformer({'max_seq_length': 8192, 'do_lowe...te_code': True, 'normalize_embeddings': True, 'model_name_or_path': 'ibm-granite/granite-embedding-small-english-r2'}})

    #x1B[0m#x1B[37m@pytest#x1B[39;49;00m.mark.asyncio#x1B[90m#x1B[39;49;00m
    #x1B[94masync#x1B[39;49;00m #x1B[94mdef#x1B[39;49;00m#x1B[90m #x1B[39;49;00m#x1B[92mtest_registry_cross_provider_collision#x1B[39;49;00m(#x1B[90m#x1B[39;49;00m
        sample_chunk, primary_embedding_provider, backup_embedding_provider#x1B[90m#x1B[39;49;00m
    ):#x1B[90m#x1B[39;49;00m
    #x1B[90m    #x1B[39;49;00m#x1B[33m"""Test Bug #1: EmbeddingRegistry cross-provider collision.#x1B[39;49;00m
    #x1B[33m#x1B[39;49;00m
    #x1B[33m    Scenario:#x1B[39;49;00m
    #x1B[33m    1. Primary embeds chunk, stores in global registry#x1B[39;49;00m
    #x1B[33m    2. Backup tries to upsert same chunk#x1B[39;49;00m
    #x1B[33m    3. Chunk.dense_embeddings fetches PRIMARY embeddings from registry#x1B[39;49;00m
    #x1B[33m    4. Dimension mismatch causes failure#x1B[39;49;00m
    #x1B[33m#x1B[39;49;00m
    #x1B[33m    Expected Behavior: Should fail or use wrong embeddings#x1B[39;49;00m
    #x1B[33m    """#x1B[39;49;00m#x1B[90m#x1B[39;49;00m
        #x1B[90m# Step 1: Primary embeds the chunk#x1B[39;49;00m#x1B[90m#x1B[39;49;00m
&gt;       primary_embeddings = #x1B[94mawait#x1B[39;49;00m primary_embedding_provider.embed_documents([sample_chunk])#x1B[90m#x1B[39;49;00m
                             ^^^^^^^^^^^^^^^^^^^^^^^^^^^^^^^^^^^^^^^^^^^^^^^^^^^^^^^^^^^^^^^^#x1B[90m#x1B[39;49;00m

#x1B[1m#x1B[31mtests/integration/providers/test_embedding_failover.py#x1B[0m:121: 
_ _ _ _ _ _ _ _ _ _ _ _ _ _ _ _ _ _ _ _ _ _ _ _ _ _ _ _ _ _ _ _ _ _ _ _ _ _ _ _ 
#x1B[1m#x1B[31msrc/codeweaver/providers/embedding/providers/base.py#x1B[0m:594: in embed_documents
    #x1B[0m#x1B[96mself#x1B[39;49;00m._register_chunks(#x1B[90m#x1B[39;49;00m
#x1B[1m#x1B[31msrc/codeweaver/providers/embedding/providers/base.py#x1B[0m:956: in _register_chunks
    #x1B[0mregistry[info.chunk_id] = registered.add(info)#x1B[90m#x1B[39;49;00m
                              ^^^^^^^^^^^^^^^^^^^^#x1B[90m#x1B[39;49;00m
_ _ _ _ _ _ _ _ _ _ _ _ _ _ _ _ _ _ _ _ _ _ _ _ _ _ _ _ _ _ _ _ _ _ _ _ _ _ _ _ 

self = ChunkEmbeddings(sparse=EmbeddingBatchInfo(batch_id=UUID('06925a19-8387-7c68-8000-e2510239b01c'), batch_index=0, kind=&lt;...Category: Text block', length=201, token_estimate=50, line_start=1, line_end=2), backup_dense=None, backup_sparse=None)
embedding_info = EmbeddingBatchInfo(batch_id=UUID('06925a1b-59bd-7409-8000-ae56410b4556'), batch_index=0, kind=&lt;EmbeddingKind.DENSE: 'd...83, -0.0011669787345454097, 0.0050660306587815285, -0.06578385084867477), dimension=384, dtype='float16', backup=False)

    #x1B[0m#x1B[94mdef#x1B[39;49;00m#x1B[90m #x1B[39;49;00m#x1B[92madd#x1B[39;49;00m(#x1B[96mself#x1B[39;49;00m, embedding_info: EmbeddingBatchInfo) -&gt; ChunkEmbeddings:#x1B[90m#x1B[39;49;00m
    #x1B[90m    #x1B[39;49;00m#x1B[33m"""Add an EmbeddingBatchInfo to the ChunkEmbeddings.#x1B[39;49;00m
    #x1B[33m#x1B[39;49;00m
    #x1B[33m    Args:#x1B[39;49;00m
    #x1B[33m        embedding_info (EmbeddingBatchInfo): The embedding information to add.#x1B[39;49;00m
    #x1B[33m#x1B[39;49;00m
    #x1B[33m    Returns:#x1B[39;49;00m
    #x1B[33m        ChunkEmbeddings: A new ChunkEmbeddings instance with the added embedding.#x1B[39;49;00m
    #x1B[33m    """#x1B[39;49;00m#x1B[90m#x1B[39;49;00m
        #x1B[94mif#x1B[39;49;00m (#x1B[90m#x1B[39;49;00m
            (#x1B[90m#x1B[39;49;00m
                embedding_info.kind == EmbeddingKind.DENSE#x1B[90m#x1B[39;49;00m
                #x1B[95mand#x1B[39;49;00m embedding_info.backup#x1B[90m#x1B[39;49;00m
                #x1B[95mand#x1B[39;49;00m #x1B[96mself#x1B[39;49;00m.backup_dense #x1B[95mis#x1B[39;49;00m #x1B[95mnot#x1B[39;49;00m #x1B[94mNone#x1B[39;49;00m#x1B[90m#x1B[39;49;00m
            )#x1B[90m#x1B[39;49;00m
            #x1B[95mor#x1B[39;49;00m (#x1B[90m#x1B[39;49;00m
                embedding_info.kind == EmbeddingKind.DENSE#x1B[90m#x1B[39;49;00m
                #x1B[95mand#x1B[39;49;00m #x1B[95mnot#x1B[39;49;00m embedding_info.backup#x1B[90m#x1B[39;49;00m
                #x1B[95mand#x1B[39;49;00m #x1B[96mself#x1B[39;49;00m.dense #x1B[95mis#x1B[39;49;00m #x1B[95mnot#x1B[39;49;00m #x1B[94mNone#x1B[39;49;00m#x1B[90m#x1B[39;49;00m
            )#x1B[90m#x1B[39;49;00m
            #x1B[95mor#x1B[39;49;00m (#x1B[90m#x1B[39;49;00m
                embedding_info.kind == EmbeddingKind.SPARSE#x1B[90m#x1B[39;49;00m
                #x1B[95mand#x1B[39;49;00m embedding_info.backup#x1B[90m#x1B[39;49;00m
                #x1B[95mand#x1B[39;49;00m #x1B[96mself#x1B[39;49;00m.backup_sparse #x1B[95mis#x1B[39;49;00m #x1B[95mnot#x1B[39;49;00m #x1B[94mNone#x1B[39;49;00m#x1B[90m#x1B[39;49;00m
            )#x1B[90m#x1B[39;49;00m
            #x1B[95mor#x1B[39;49;00m (#x1B[90m#x1B[39;49;00m
                embedding_info.kind == EmbeddingKind.SPARSE#x1B[90m#x1B[39;49;00m
                #x1B[95mand#x1B[39;49;00m #x1B[95mnot#x1B[39;49;00m embedding_info.backup#x1B[90m#x1B[39;49;00m
                #x1B[95mand#x1B[39;49;00m #x1B[96mself#x1B[39;49;00m.sparse #x1B[95mis#x1B[39;49;00m #x1B[95mnot#x1B[39;49;00m #x1B[94mNone#x1B[39;49;00m#x1B[90m#x1B[39;49;00m
            )#x1B[90m#x1B[39;49;00m
        ):#x1B[90m#x1B[39;49;00m
&gt;           #x1B[94mraise#x1B[39;49;00m #x1B[96mValueError#x1B[39;49;00m(#x1B[90m#x1B[39;49;00m
                #x1B[33mf#x1B[39;49;00m#x1B[33m"#x1B[39;49;00m#x1B[33mEmbeddings are already set for #x1B[39;49;00m#x1B[33m{#x1B[39;49;00membedding_info.kind.value#x1B[33m}#x1B[39;49;00m#x1B[33m in chunk #x1B[39;49;00m#x1B[33m{#x1B[39;49;00membedding_info.chunk_id#x1B[33m}#x1B[39;49;00m#x1B[33m.#x1B[39;49;00m#x1B[33m"#x1B[39;49;00m#x1B[90m#x1B[39;49;00m
            )#x1B[90m#x1B[39;49;00m
#x1B[1m#x1B[31mE           ValueError: Embeddings are already set for dense in chunk 06925a0c-d497-70fe-8000-07d72ec7a19a.#x1B[0m

#x1B[1m#x1B[31msrc/codeweaver/providers/embedding/types.py#x1B[0m:226: ValueError</failure></testcase><testcase classname="tests.integration.providers.test_embedding_failover" name="test_deduplication_prevents_reembedding" time="4.654"><failure message="AssertionError: First embedding should succeed&#10;assert 0 &gt; 0&#10; +  where 0 = len([])">sample_chunk = CodeChunk(content='def test_function():\n    return 42', line_range=Span(1, 2, 06925a1b-70d4-7fe9-8000-7289f756726a), ...'Filename: test.py | Language: Python | Category: Text block', length=226, token_estimate=56, line_start=1, line_end=2)
primary_embedding_provider = SentenceTransformersEmbeddingProvider(client=SentenceTransformer(
  (0): Transformer({'max_seq_length': 8192, 'do_lowe...te_code': True, 'normalize_embeddings': True, 'model_name_or_path': 'ibm-granite/granite-embedding-small-english-r2'}})

    #x1B[0m#x1B[37m@pytest#x1B[39;49;00m.mark.asyncio#x1B[90m#x1B[39;49;00m
    #x1B[94masync#x1B[39;49;00m #x1B[94mdef#x1B[39;49;00m#x1B[90m #x1B[39;49;00m#x1B[92mtest_deduplication_prevents_reembedding#x1B[39;49;00m(sample_chunk, primary_embedding_provider):#x1B[90m#x1B[39;49;00m
    #x1B[90m    #x1B[39;49;00m#x1B[33m"""Test Bug #3: Deduplication prevents sync-back re-embedding.#x1B[39;49;00m
    #x1B[33m#x1B[39;49;00m
    #x1B[33m    Scenario:#x1B[39;49;00m
    #x1B[33m    1. Chunk is embedded with primary provider#x1B[39;49;00m
    #x1B[33m    2. Content hash is stored in _hash_store#x1B[39;49;00m
    #x1B[33m    3. Try to re-embed same chunk (simulating sync-back)#x1B[39;49;00m
    #x1B[33m    4. Chunk is filtered out due to deduplication#x1B[39;49;00m
    #x1B[33m    5. Returns empty list, sync-back fails#x1B[39;49;00m
    #x1B[33m#x1B[39;49;00m
    #x1B[33m    Expected Behavior: Second embed returns empty list#x1B[39;49;00m
    #x1B[33m    """#x1B[39;49;00m#x1B[90m#x1B[39;49;00m
        #x1B[90m# Step 1: First embedding#x1B[39;49;00m#x1B[90m#x1B[39;49;00m
        embeddings_first = #x1B[94mawait#x1B[39;49;00m primary_embedding_provider.embed_documents([sample_chunk])#x1B[90m#x1B[39;49;00m
    #x1B[90m#x1B[39;49;00m
&gt;       #x1B[94massert#x1B[39;49;00m #x1B[96mlen#x1B[39;49;00m(embeddings_first) &gt; #x1B[94m0#x1B[39;49;00m, #x1B[33m"#x1B[39;49;00m#x1B[33mFirst embedding should succeed#x1B[39;49;00m#x1B[33m"#x1B[39;49;00m#x1B[90m#x1B[39;49;00m
#x1B[1m#x1B[31mE       AssertionError: First embedding should succeed#x1B[0m
#x1B[1m#x1B[31mE       assert 0 &gt; 0#x1B[0m
#x1B[1m#x1B[31mE        +  where 0 = len([])#x1B[0m

#x1B[1m#x1B[31mtests/integration/providers/test_embedding_failover.py#x1B[0m:177: AssertionError</failure></testcase><testcase classname="tests.integration.providers.test_embedding_failover" name="test_hash_store_is_class_variable" time="6.669" /><testcase classname="tests.integration.providers.test_embedding_failover" name="test_chunk_property_fetches_from_global_registry" time="3.181" /><testcase classname="tests.integration.providers.test_embedding_failover" name="test_full_failover_scenario" time="0.007"><skipped type="pytest.skip" message="Integration test - run manually to validate full scenario">/home/knitli/codeweaver/tests/integration/providers/test_embedding_failover.py:283: Integration test - run manually to validate full scenario</skipped></testcase><testcase classname="tests.integration.real.test_full_pipeline" name="test_full_pipeline_index_then_search" time="0.001"><skipped type="pytest.skip" message="Real integration tests require model downloads - run manually with network access">/home/knitli/codeweaver/tests/integration/real/test_full_pipeline.py:85: Real integration tests require model downloads - run manually with network access</skipped></testcase><testcase classname="tests.integration.real.test_full_pipeline" name="test_incremental_indexing_updates_search_results" time="0.000"><skipped type="pytest.skip" message="Real integration tests require model downloads - run manually with network access">/home/knitli/codeweaver/tests/integration/real/test_full_pipeline.py:132: Real integration tests require model downloads - run manually with network access</skipped></testcase><testcase classname="tests.integration.real.test_full_pipeline" name="test_pipeline_handles_large_codebase" time="0.000"><skipped type="pytest.skip" message="Real integration tests require model downloads - run manually with network access">/home/knitli/codeweaver/tests/integration/real/test_full_pipeline.py:218: Real integration tests require model downloads - run manually with network access</skipped></testcase><testcase classname="tests.integration.real.test_full_pipeline" name="test_pipeline_handles_file_updates" time="0.000"><skipped type="pytest.skip" message="Real integration tests require model downloads - run manually with network access">/home/knitli/codeweaver/tests/integration/real/test_full_pipeline.py:310: Real integration tests require model downloads - run manually with network access</skipped></testcase><testcase classname="tests.integration.real.test_full_pipeline" name="test_pipeline_coordination_with_errors" time="0.000"><skipped type="pytest.skip" message="Real integration tests require model downloads - run manually with network access">/home/knitli/codeweaver/tests/integration/real/test_full_pipeline.py:401: Real integration tests require model downloads - run manually with network access</skipped></testcase><testcase classname="tests.integration.real.test_full_pipeline" name="test_search_performance_with_real_providers" time="0.000"><skipped type="pytest.skip" message="Real integration tests require model downloads - run manually with network access">/home/knitli/codeweaver/tests/integration/real/test_full_pipeline.py:477: Real integration tests require model downloads - run manually with network access</skipped></testcase><testcase classname="tests.integration.real.test_full_pipeline" name="test_indexing_performance_with_real_providers" time="0.000"><skipped type="pytest.skip" message="Real integration tests require model downloads - run manually with network access">/home/knitli/codeweaver/tests/integration/real/test_full_pipeline.py:529: Real integration tests require model downloads - run manually with network access</skipped></testcase><testcase classname="tests.integration.real.test_search_behavior" name="test_search_finds_authentication_code" time="0.000"><skipped type="pytest.skip" message="Real integration tests require model downloads - run manually with network access">/home/knitli/codeweaver/tests/integration/real/test_search_behavior.py:87: Real integration tests require model downloads - run manually with network access</skipped></testcase><testcase classname="tests.integration.real.test_search_behavior" name="test_search_finds_database_code" time="0.000"><skipped type="pytest.skip" message="Real integration tests require model downloads - run manually with network access">/home/knitli/codeweaver/tests/integration/real/test_search_behavior.py:128: Real integration tests require model downloads - run manually with network access</skipped></testcase><testcase classname="tests.integration.real.test_search_behavior" name="test_search_finds_api_endpoints" time="0.001"><skipped type="pytest.skip" message="Real integration tests require model downloads - run manually with network access">/home/knitli/codeweaver/tests/integration/real/test_search_behavior.py:159: Real integration tests require model downloads - run manually with network access</skipped></testcase><testcase classname="tests.integration.real.test_search_behavior" name="test_search_distinguishes_different_concepts" time="0.000"><skipped type="pytest.skip" message="Real integration tests require model downloads - run manually with network access">/home/knitli/codeweaver/tests/integration/real/test_search_behavior.py:190: Real integration tests require model downloads - run manually with network access</skipped></testcase><testcase classname="tests.integration.real.test_search_behavior" name="test_search_returns_relevant_code_chunks" time="0.000"><skipped type="pytest.skip" message="Real integration tests require model downloads - run manually with network access">/home/knitli/codeweaver/tests/integration/real/test_search_behavior.py:233: Real integration tests require model downloads - run manually with network access</skipped></testcase><testcase classname="tests.integration.real.test_search_behavior" name="test_search_respects_file_types" time="0.000"><skipped type="pytest.skip" message="Real integration tests require model downloads - run manually with network access">/home/knitli/codeweaver/tests/integration/real/test_search_behavior.py:273: Real integration tests require model downloads - run manually with network access</skipped></testcase><testcase classname="tests.integration.real.test_search_behavior" name="test_search_handles_no_matches_gracefully" time="0.001"><skipped type="pytest.skip" message="Real integration tests require model downloads - run manually with network access">/home/knitli/codeweaver/tests/integration/real/test_search_behavior.py:307: Real integration tests require model downloads - run manually with network access</skipped></testcase><testcase classname="tests.integration.real.test_search_behavior" name="test_search_handles_empty_codebase" time="0.000"><skipped type="pytest.skip" message="Real integration tests require model downloads - run manually with network access">/home/knitli/codeweaver/tests/integration/real/test_search_behavior.py:342: Real integration tests require model downloads - run manually with network access</skipped></testcase><testcase classname="tests.integration.real.test_search_behavior" name="test_search_with_very_long_query" time="0.001"><skipped type="pytest.skip" message="Real integration tests require model downloads - run manually with network access">/home/knitli/codeweaver/tests/integration/real/test_search_behavior.py:390: Real integration tests require model downloads - run manually with network access</skipped></testcase><testcase classname="tests.integration.test_build_flow" name="test_build_and_validate_flow" time="2.942" /><testcase classname="tests.integration.test_build_flow" name="test_incremental_build" time="4.292" /><testcase classname="tests.integration.test_build_flow" name="test_build_with_clean_flag" time="4.297" /><testcase classname="tests.integration.test_client_factory_integration.TestProviderInstantiationWithClientFactory" name="test_create_provider_with_client_from_map" time="0.018" /><testcase classname="tests.integration.test_client_factory_integration.TestProviderInstantiationWithClientFactory" name="test_create_provider_skips_client_if_provided" time="0.002" /><testcase classname="tests.integration.test_client_factory_integration.TestProviderInstantiationWithClientFactory" name="test_create_provider_handles_client_creation_failure" time="0.006" /><testcase classname="tests.integration.test_client_factory_integration.TestVectorStoreProviderWithClientFactory" name="test_qdrant_provider_with_memory_mode" time="0.005" /><testcase classname="tests.integration.test_client_factory_integration.TestVectorStoreProviderWithClientFactory" name="test_qdrant_provider_with_url_mode" time="0.004" /><testcase classname="tests.integration.test_client_factory_integration.TestProviderKindStringHandling" name="test_string_provider_kind_in_create_provider" time="0.007" /><testcase classname="tests.integration.test_client_factory_integration.TestGlobalRegistryIntegration" name="test_get_provider_registry_has_client_factory" time="0.002" /><testcase classname="tests.integration.test_custom_config" name="test_custom_configuration" time="1.019" /><testcase classname="tests.integration.test_docker.TestDockerfile" name="test_dockerfile_exists" time="0.002" /><testcase classname="tests.integration.test_docker.TestDockerfile" name="test_dockerfile_has_proper_license_header" time="0.002" /><testcase classname="tests.integration.test_docker.TestDockerfile" name="test_dockerfile_syntax" time="1.823" /><testcase classname="tests.integration.test_docker.TestDockerfile" name="test_docker_build_succeeds" time="188.181" /><testcase classname="tests.integration.test_docker.TestDockerfile" name="test_docker_image_has_entrypoint" time="1.873" /><testcase classname="tests.integration.test_docker.TestDockerfile" name="test_docker_image_version" time="2.989" /><testcase classname="tests.integration.test_docker.TestDockerCompose" name="test_docker_compose_file_exists" time="0.004" /><testcase classname="tests.integration.test_docker.TestDockerCompose" name="test_docker_compose_syntax" time="0.574" /><testcase classname="tests.integration.test_docker.TestDockerCompose" name="test_docker_compose_defines_required_services" time="0.208" /><testcase classname="tests.integration.test_docker.TestDockerCompose" name="test_docker_compose_services_start" time="56.271"><failure message="subprocess.CalledProcessError: Command '['docker', 'compose', '-f', '/home/knitli/codeweaver/docker-compose.yml', '--env-file', '/tmp/pytest-of-knitli/pytest-67/test_docker_compose_services_s0/.env', 'up', '-d']' returned non-zero exit status 1.">self = &lt;tests.integration.test_docker.TestDockerCompose object at 0x752b8a989f30&gt;
repo_root = PosixPath('/home/knitli/codeweaver')
tmp_path = PosixPath('/tmp/pytest-of-knitli/pytest-67/test_docker_compose_services_s0')

    #x1B[0m    #x1B[37m@pytest#x1B[39;49;00m.mark.slow#x1B[90m#x1B[39;49;00m
        #x1B[37m@pytest#x1B[39;49;00m.mark.network#x1B[90m#x1B[39;49;00m
        #x1B[94mdef#x1B[39;49;00m#x1B[90m #x1B[39;49;00m#x1B[92mtest_docker_compose_services_start#x1B[39;49;00m(#x1B[96mself#x1B[39;49;00m, repo_root, tmp_path):#x1B[90m#x1B[39;49;00m
    #x1B[90m        #x1B[39;49;00m#x1B[33m"""Test that docker-compose services can start."""#x1B[39;49;00m#x1B[90m#x1B[39;49;00m
            #x1B[90m# Create a minimal .env file#x1B[39;49;00m#x1B[90m#x1B[39;49;00m
            env_file = tmp_path / #x1B[33m"#x1B[39;49;00m#x1B[33m.env#x1B[39;49;00m#x1B[33m"#x1B[39;49;00m#x1B[90m#x1B[39;49;00m
            env_file.write_text(#x1B[33m"""#x1B[39;49;00m#x1B[33m#x1B[39;49;00m
    #x1B[33mPROJECT_PATH=.#x1B[39;49;00m#x1B[33m#x1B[39;49;00m
    #x1B[33mCODEWEAVER_PORT=19328#x1B[39;49;00m#x1B[33m#x1B[39;49;00m
    #x1B[33mQDRANT_PORT=16333#x1B[39;49;00m#x1B[33m#x1B[39;49;00m
    #x1B[33mQDRANT_GRPC_PORT=16334#x1B[39;49;00m#x1B[33m#x1B[39;49;00m
    #x1B[33mVOYAGE_API_KEY=test-key#x1B[39;49;00m#x1B[33m#x1B[39;49;00m
    #x1B[33mCOLLECTION_NAME=test-collection#x1B[39;49;00m#x1B[33m#x1B[39;49;00m
    #x1B[33mENABLE_TELEMETRY=false#x1B[39;49;00m#x1B[33m#x1B[39;49;00m
    #x1B[33mLOG_LEVEL=DEBUG#x1B[39;49;00m#x1B[33m#x1B[39;49;00m
    #x1B[33m"""#x1B[39;49;00m)#x1B[90m#x1B[39;49;00m
    #x1B[90m#x1B[39;49;00m
            compose_file = repo_root / #x1B[33m"#x1B[39;49;00m#x1B[33mdocker-compose.yml#x1B[39;49;00m#x1B[33m"#x1B[39;49;00m#x1B[90m#x1B[39;49;00m
    #x1B[90m#x1B[39;49;00m
            #x1B[94mtry#x1B[39;49;00m:#x1B[90m#x1B[39;49;00m
                #x1B[90m# Start services#x1B[39;49;00m#x1B[90m#x1B[39;49;00m
&gt;               result = run_command(#x1B[90m#x1B[39;49;00m
                    [#x1B[90m#x1B[39;49;00m
                        #x1B[33m"#x1B[39;49;00m#x1B[33mdocker#x1B[39;49;00m#x1B[33m"#x1B[39;49;00m,#x1B[90m#x1B[39;49;00m
                        #x1B[33m"#x1B[39;49;00m#x1B[33mcompose#x1B[39;49;00m#x1B[33m"#x1B[39;49;00m,#x1B[90m#x1B[39;49;00m
                        #x1B[33m"#x1B[39;49;00m#x1B[33m-f#x1B[39;49;00m#x1B[33m"#x1B[39;49;00m,#x1B[90m#x1B[39;49;00m
                        #x1B[96mstr#x1B[39;49;00m(compose_file),#x1B[90m#x1B[39;49;00m
                        #x1B[33m"#x1B[39;49;00m#x1B[33m--env-file#x1B[39;49;00m#x1B[33m"#x1B[39;49;00m,#x1B[90m#x1B[39;49;00m
                        #x1B[96mstr#x1B[39;49;00m(env_file),#x1B[90m#x1B[39;49;00m
                        #x1B[33m"#x1B[39;49;00m#x1B[33mup#x1B[39;49;00m#x1B[33m"#x1B[39;49;00m,#x1B[90m#x1B[39;49;00m
                        #x1B[33m"#x1B[39;49;00m#x1B[33m-d#x1B[39;49;00m#x1B[33m"#x1B[39;49;00m,#x1B[90m#x1B[39;49;00m
                    ],#x1B[90m#x1B[39;49;00m
                    check=#x1B[94mTrue#x1B[39;49;00m,#x1B[90m#x1B[39;49;00m
                )#x1B[90m#x1B[39;49;00m

#x1B[1m#x1B[31mtests/integration/test_docker.py#x1B[0m:188: 
_ _ _ _ _ _ _ _ _ _ _ _ _ _ _ _ _ _ _ _ _ _ _ _ _ _ _ _ _ _ _ _ _ _ _ _ _ _ _ _ 
#x1B[1m#x1B[31mtests/integration/test_docker.py#x1B[0m:43: in run_command
    #x1B[0m#x1B[94mreturn#x1B[39;49;00m subprocess.run(cmd, check=check, capture_output=capture, text=#x1B[94mTrue#x1B[39;49;00m, timeout=#x1B[94m300#x1B[39;49;00m)#x1B[90m#x1B[39;49;00m
           ^^^^^^^^^^^^^^^^^^^^^^^^^^^^^^^^^^^^^^^^^^^^^^^^^^^^^^^^^^^^^^^^^^^^^^^^^^^^^^^^#x1B[90m#x1B[39;49;00m
_ _ _ _ _ _ _ _ _ _ _ _ _ _ _ _ _ _ _ _ _ _ _ _ _ _ _ _ _ _ _ _ _ _ _ _ _ _ _ _ 

input = None, capture_output = True, timeout = 300, check = True
popenargs = (['docker', 'compose', '-f', '/home/knitli/codeweaver/docker-compose.yml', '--env-file', '/tmp/pytest-of-knitli/pytest-67/test_docker_compose_services_s0/.env', ...],)
kwargs = {'stderr': -1, 'stdout': -1, 'text': True}
process = &lt;Popen: returncode: 1 args: ['docker', 'compose', '-f', '/home/knitli/codewe...&gt;
stdout = '#1 [internal] load local bake definitions\n#1 reading from stdin 521B done\n#1 DONE 0.0s\n\n#2 [internal] load build ...y/codeweaver-codeweaver:latest 0.0s done\n#23 DONE 0.2s\n\n#24 resolving provenance for metadata file\n#24 DONE 0.0s\n'
stderr = ' codeweaver-codeweaver  Built\n Network codeweaver_codeweaver-network  Creating\n Network codeweaver_codeweaver-netwo...  Waiting\n Container codeweaver-qdrant  Error\ndependency failed to start: container codeweaver-qdrant is unhealthy\n'
retcode = 1

    #x1B[0m#x1B[94mdef#x1B[39;49;00m#x1B[90m #x1B[39;49;00m#x1B[92mrun#x1B[39;49;00m(*popenargs,#x1B[90m#x1B[39;49;00m
            #x1B[96minput#x1B[39;49;00m=#x1B[94mNone#x1B[39;49;00m, capture_output=#x1B[94mFalse#x1B[39;49;00m, timeout=#x1B[94mNone#x1B[39;49;00m, check=#x1B[94mFalse#x1B[39;49;00m, **kwargs):#x1B[90m#x1B[39;49;00m
    #x1B[90m    #x1B[39;49;00m#x1B[33m"""Run command with arguments and return a CompletedProcess instance.#x1B[39;49;00m
    #x1B[33m#x1B[39;49;00m
    #x1B[33m    The returned instance will have attributes args, returncode, stdout and#x1B[39;49;00m
    #x1B[33m    stderr. By default, stdout and stderr are not captured, and those attributes#x1B[39;49;00m
    #x1B[33m    will be None. Pass stdout=PIPE and/or stderr=PIPE in order to capture them,#x1B[39;49;00m
    #x1B[33m    or pass capture_output=True to capture both.#x1B[39;49;00m
    #x1B[33m#x1B[39;49;00m
    #x1B[33m    If check is True and the exit code was non-zero, it raises a#x1B[39;49;00m
    #x1B[33m    CalledProcessError. The CalledProcessError object will have the return code#x1B[39;49;00m
    #x1B[33m    in the returncode attribute, and output &amp; stderr attributes if those streams#x1B[39;49;00m
    #x1B[33m    were captured.#x1B[39;49;00m
    #x1B[33m#x1B[39;49;00m
    #x1B[33m    If timeout (seconds) is given and the process takes too long,#x1B[39;49;00m
    #x1B[33m     a TimeoutExpired exception will be raised.#x1B[39;49;00m
    #x1B[33m#x1B[39;49;00m
    #x1B[33m    There is an optional argument "input", allowing you to#x1B[39;49;00m
    #x1B[33m    pass bytes or a string to the subprocess's stdin.  If you use this argument#x1B[39;49;00m
    #x1B[33m    you may not also use the Popen constructor's "stdin" argument, as#x1B[39;49;00m
    #x1B[33m    it will be used internally.#x1B[39;49;00m
    #x1B[33m#x1B[39;49;00m
    #x1B[33m    By default, all communication is in bytes, and therefore any "input" should#x1B[39;49;00m
    #x1B[33m    be bytes, and the stdout and stderr will be bytes. If in text mode, any#x1B[39;49;00m
    #x1B[33m    "input" should be a string, and stdout and stderr will be strings decoded#x1B[39;49;00m
    #x1B[33m    according to locale encoding, or by "encoding" if set. Text mode is#x1B[39;49;00m
    #x1B[33m    triggered by setting any of text, encoding, errors or universal_newlines.#x1B[39;49;00m
    #x1B[33m#x1B[39;49;00m
    #x1B[33m    The other arguments are the same as for the Popen constructor.#x1B[39;49;00m
    #x1B[33m    """#x1B[39;49;00m#x1B[90m#x1B[39;49;00m
        #x1B[94mif#x1B[39;49;00m #x1B[96minput#x1B[39;49;00m #x1B[95mis#x1B[39;49;00m #x1B[95mnot#x1B[39;49;00m #x1B[94mNone#x1B[39;49;00m:#x1B[90m#x1B[39;49;00m
            #x1B[94mif#x1B[39;49;00m kwargs.get(#x1B[33m'#x1B[39;49;00m#x1B[33mstdin#x1B[39;49;00m#x1B[33m'#x1B[39;49;00m) #x1B[95mis#x1B[39;49;00m #x1B[95mnot#x1B[39;49;00m #x1B[94mNone#x1B[39;49;00m:#x1B[90m#x1B[39;49;00m
                #x1B[94mraise#x1B[39;49;00m #x1B[96mValueError#x1B[39;49;00m(#x1B[33m'#x1B[39;49;00m#x1B[33mstdin and input arguments may not both be used.#x1B[39;49;00m#x1B[33m'#x1B[39;49;00m)#x1B[90m#x1B[39;49;00m
            kwargs[#x1B[33m'#x1B[39;49;00m#x1B[33mstdin#x1B[39;49;00m#x1B[33m'#x1B[39;49;00m] = PIPE#x1B[90m#x1B[39;49;00m
    #x1B[90m#x1B[39;49;00m
        #x1B[94mif#x1B[39;49;00m capture_output:#x1B[90m#x1B[39;49;00m
            #x1B[94mif#x1B[39;49;00m kwargs.get(#x1B[33m'#x1B[39;49;00m#x1B[33mstdout#x1B[39;49;00m#x1B[33m'#x1B[39;49;00m) #x1B[95mis#x1B[39;49;00m #x1B[95mnot#x1B[39;49;00m #x1B[94mNone#x1B[39;49;00m #x1B[95mor#x1B[39;49;00m kwargs.get(#x1B[33m'#x1B[39;49;00m#x1B[33mstderr#x1B[39;49;00m#x1B[33m'#x1B[39;49;00m) #x1B[95mis#x1B[39;49;00m #x1B[95mnot#x1B[39;49;00m #x1B[94mNone#x1B[39;49;00m:#x1B[90m#x1B[39;49;00m
                #x1B[94mraise#x1B[39;49;00m #x1B[96mValueError#x1B[39;49;00m(#x1B[33m'#x1B[39;49;00m#x1B[33mstdout and stderr arguments may not be used #x1B[39;49;00m#x1B[33m'#x1B[39;49;00m#x1B[90m#x1B[39;49;00m
                                 #x1B[33m'#x1B[39;49;00m#x1B[33mwith capture_output.#x1B[39;49;00m#x1B[33m'#x1B[39;49;00m)#x1B[90m#x1B[39;49;00m
            kwargs[#x1B[33m'#x1B[39;49;00m#x1B[33mstdout#x1B[39;49;00m#x1B[33m'#x1B[39;49;00m] = PIPE#x1B[90m#x1B[39;49;00m
            kwargs[#x1B[33m'#x1B[39;49;00m#x1B[33mstderr#x1B[39;49;00m#x1B[33m'#x1B[39;49;00m] = PIPE#x1B[90m#x1B[39;49;00m
    #x1B[90m#x1B[39;49;00m
        #x1B[94mwith#x1B[39;49;00m Popen(*popenargs, **kwargs) #x1B[94mas#x1B[39;49;00m process:#x1B[90m#x1B[39;49;00m
            #x1B[94mtry#x1B[39;49;00m:#x1B[90m#x1B[39;49;00m
                stdout, stderr = process.communicate(#x1B[96minput#x1B[39;49;00m, timeout=timeout)#x1B[90m#x1B[39;49;00m
            #x1B[94mexcept#x1B[39;49;00m TimeoutExpired #x1B[94mas#x1B[39;49;00m exc:#x1B[90m#x1B[39;49;00m
                process.kill()#x1B[90m#x1B[39;49;00m
                #x1B[94mif#x1B[39;49;00m _mswindows:#x1B[90m#x1B[39;49;00m
                    #x1B[90m# Windows accumulates the output in a single blocking#x1B[39;49;00m#x1B[90m#x1B[39;49;00m
                    #x1B[90m# read() call run on child threads, with the timeout#x1B[39;49;00m#x1B[90m#x1B[39;49;00m
                    #x1B[90m# being done in a join() on those threads.  communicate()#x1B[39;49;00m#x1B[90m#x1B[39;49;00m
                    #x1B[90m# _after_ kill() is required to collect that and add it#x1B[39;49;00m#x1B[90m#x1B[39;49;00m
                    #x1B[90m# to the exception.#x1B[39;49;00m#x1B[90m#x1B[39;49;00m
                    exc.stdout, exc.stderr = process.communicate()#x1B[90m#x1B[39;49;00m
                #x1B[94melse#x1B[39;49;00m:#x1B[90m#x1B[39;49;00m
                    #x1B[90m# POSIX _communicate already populated the output so#x1B[39;49;00m#x1B[90m#x1B[39;49;00m
                    #x1B[90m# far into the TimeoutExpired exception.#x1B[39;49;00m#x1B[90m#x1B[39;49;00m
                    process.wait()#x1B[90m#x1B[39;49;00m
                #x1B[94mraise#x1B[39;49;00m#x1B[90m#x1B[39;49;00m
            #x1B[94mexcept#x1B[39;49;00m:  #x1B[90m# Including KeyboardInterrupt, communicate handled that.#x1B[39;49;00m#x1B[90m#x1B[39;49;00m
                process.kill()#x1B[90m#x1B[39;49;00m
                #x1B[90m# We don't call process.wait() as .__exit__ does that for us.#x1B[39;49;00m#x1B[90m#x1B[39;49;00m
                #x1B[94mraise#x1B[39;49;00m#x1B[90m#x1B[39;49;00m
            retcode = process.poll()#x1B[90m#x1B[39;49;00m
            #x1B[94mif#x1B[39;49;00m check #x1B[95mand#x1B[39;49;00m retcode:#x1B[90m#x1B[39;49;00m
&gt;               #x1B[94mraise#x1B[39;49;00m CalledProcessError(retcode, process.args,#x1B[90m#x1B[39;49;00m
                                         output=stdout, stderr=stderr)#x1B[90m#x1B[39;49;00m
#x1B[1m#x1B[31mE               subprocess.CalledProcessError: Command '['docker', 'compose', '-f', '/home/knitli/codeweaver/docker-compose.yml', '--env-file', '/tmp/pytest-of-knitli/pytest-67/test_docker_compose_services_s0/.env', 'up', '-d']' returned non-zero exit status 1.#x1B[0m

#x1B[1m#x1B[31m../.local/share/uv/python/cpython-3.13.9-linux-x86_64-gnu/lib/python3.13/subprocess.py#x1B[0m:577: CalledProcessError</failure></testcase><testcase classname="tests.integration.test_docker.TestDockerCompose" name="test_qdrant_health_endpoint" time="54.573"><failure message="subprocess.CalledProcessError: Command '['docker', 'compose', '-f', '/home/knitli/codeweaver/docker-compose.yml', '--env-file', '/tmp/pytest-of-knitli/pytest-67/test_qdrant_health_endpoint0/.env', 'up', '-d']' returned non-zero exit status 1.">self = &lt;tests.integration.test_docker.TestDockerCompose object at 0x752b8aa1bbf0&gt;
repo_root = PosixPath('/home/knitli/codeweaver')
tmp_path = PosixPath('/tmp/pytest-of-knitli/pytest-67/test_qdrant_health_endpoint0')

    #x1B[0m    #x1B[37m@pytest#x1B[39;49;00m.mark.slow#x1B[90m#x1B[39;49;00m
        #x1B[37m@pytest#x1B[39;49;00m.mark.network#x1B[90m#x1B[39;49;00m
        #x1B[94mdef#x1B[39;49;00m#x1B[90m #x1B[39;49;00m#x1B[92mtest_qdrant_health_endpoint#x1B[39;49;00m(#x1B[96mself#x1B[39;49;00m, repo_root, tmp_path):#x1B[90m#x1B[39;49;00m
    #x1B[90m        #x1B[39;49;00m#x1B[33m"""Test that Qdrant health endpoint is accessible."""#x1B[39;49;00m#x1B[90m#x1B[39;49;00m
            env_file = tmp_path / #x1B[33m"#x1B[39;49;00m#x1B[33m.env#x1B[39;49;00m#x1B[33m"#x1B[39;49;00m#x1B[90m#x1B[39;49;00m
            env_file.write_text(#x1B[33m"""#x1B[39;49;00m#x1B[33m#x1B[39;49;00m
    #x1B[33mPROJECT_PATH=.#x1B[39;49;00m#x1B[33m#x1B[39;49;00m
    #x1B[33mCODEWEAVER_PORT=19328#x1B[39;49;00m#x1B[33m#x1B[39;49;00m
    #x1B[33mQDRANT_PORT=16333#x1B[39;49;00m#x1B[33m#x1B[39;49;00m
    #x1B[33mQDRANT_GRPC_PORT=16334#x1B[39;49;00m#x1B[33m#x1B[39;49;00m
    #x1B[33mVOYAGE_API_KEY=test-key#x1B[39;49;00m#x1B[33m#x1B[39;49;00m
    #x1B[33mCOLLECTION_NAME=test-collection#x1B[39;49;00m#x1B[33m#x1B[39;49;00m
    #x1B[33mENABLE_TELEMETRY=false#x1B[39;49;00m#x1B[33m#x1B[39;49;00m
    #x1B[33m"""#x1B[39;49;00m)#x1B[90m#x1B[39;49;00m
    #x1B[90m#x1B[39;49;00m
            compose_file = repo_root / #x1B[33m"#x1B[39;49;00m#x1B[33mdocker-compose.yml#x1B[39;49;00m#x1B[33m"#x1B[39;49;00m#x1B[90m#x1B[39;49;00m
    #x1B[90m#x1B[39;49;00m
            #x1B[94mtry#x1B[39;49;00m:#x1B[90m#x1B[39;49;00m
                #x1B[90m# Start services#x1B[39;49;00m#x1B[90m#x1B[39;49;00m
&gt;               run_command(#x1B[90m#x1B[39;49;00m
                    [#x1B[90m#x1B[39;49;00m
                        #x1B[33m"#x1B[39;49;00m#x1B[33mdocker#x1B[39;49;00m#x1B[33m"#x1B[39;49;00m,#x1B[90m#x1B[39;49;00m
                        #x1B[33m"#x1B[39;49;00m#x1B[33mcompose#x1B[39;49;00m#x1B[33m"#x1B[39;49;00m,#x1B[90m#x1B[39;49;00m
                        #x1B[33m"#x1B[39;49;00m#x1B[33m-f#x1B[39;49;00m#x1B[33m"#x1B[39;49;00m,#x1B[90m#x1B[39;49;00m
                        #x1B[96mstr#x1B[39;49;00m(compose_file),#x1B[90m#x1B[39;49;00m
                        #x1B[33m"#x1B[39;49;00m#x1B[33m--env-file#x1B[39;49;00m#x1B[33m"#x1B[39;49;00m,#x1B[90m#x1B[39;49;00m
                        #x1B[96mstr#x1B[39;49;00m(env_file),#x1B[90m#x1B[39;49;00m
                        #x1B[33m"#x1B[39;49;00m#x1B[33mup#x1B[39;49;00m#x1B[33m"#x1B[39;49;00m,#x1B[90m#x1B[39;49;00m
                        #x1B[33m"#x1B[39;49;00m#x1B[33m-d#x1B[39;49;00m#x1B[33m"#x1B[39;49;00m,#x1B[90m#x1B[39;49;00m
                    ],#x1B[90m#x1B[39;49;00m
                    check=#x1B[94mTrue#x1B[39;49;00m,#x1B[90m#x1B[39;49;00m
                )#x1B[90m#x1B[39;49;00m

#x1B[1m#x1B[31mtests/integration/test_docker.py#x1B[0m:246: 
_ _ _ _ _ _ _ _ _ _ _ _ _ _ _ _ _ _ _ _ _ _ _ _ _ _ _ _ _ _ _ _ _ _ _ _ _ _ _ _ 
#x1B[1m#x1B[31mtests/integration/test_docker.py#x1B[0m:43: in run_command
    #x1B[0m#x1B[94mreturn#x1B[39;49;00m subprocess.run(cmd, check=check, capture_output=capture, text=#x1B[94mTrue#x1B[39;49;00m, timeout=#x1B[94m300#x1B[39;49;00m)#x1B[90m#x1B[39;49;00m
           ^^^^^^^^^^^^^^^^^^^^^^^^^^^^^^^^^^^^^^^^^^^^^^^^^^^^^^^^^^^^^^^^^^^^^^^^^^^^^^^^#x1B[90m#x1B[39;49;00m
_ _ _ _ _ _ _ _ _ _ _ _ _ _ _ _ _ _ _ _ _ _ _ _ _ _ _ _ _ _ _ _ _ _ _ _ _ _ _ _ 

input = None, capture_output = True, timeout = 300, check = True
popenargs = (['docker', 'compose', '-f', '/home/knitli/codeweaver/docker-compose.yml', '--env-file', '/tmp/pytest-of-knitli/pytest-67/test_qdrant_health_endpoint0/.env', ...],)
kwargs = {'stderr': -1, 'stdout': -1, 'text': True}
process = &lt;Popen: returncode: 1 args: ['docker', 'compose', '-f', '/home/knitli/codewe...&gt;
stdout = ''
stderr = ' Network codeweaver_codeweaver-network  Creating\n Network codeweaver_codeweaver-network  Created\n Volume codeweaver...  Waiting\n Container codeweaver-qdrant  Error\ndependency failed to start: container codeweaver-qdrant is unhealthy\n'
retcode = 1

    #x1B[0m#x1B[94mdef#x1B[39;49;00m#x1B[90m #x1B[39;49;00m#x1B[92mrun#x1B[39;49;00m(*popenargs,#x1B[90m#x1B[39;49;00m
            #x1B[96minput#x1B[39;49;00m=#x1B[94mNone#x1B[39;49;00m, capture_output=#x1B[94mFalse#x1B[39;49;00m, timeout=#x1B[94mNone#x1B[39;49;00m, check=#x1B[94mFalse#x1B[39;49;00m, **kwargs):#x1B[90m#x1B[39;49;00m
    #x1B[90m    #x1B[39;49;00m#x1B[33m"""Run command with arguments and return a CompletedProcess instance.#x1B[39;49;00m
    #x1B[33m#x1B[39;49;00m
    #x1B[33m    The returned instance will have attributes args, returncode, stdout and#x1B[39;49;00m
    #x1B[33m    stderr. By default, stdout and stderr are not captured, and those attributes#x1B[39;49;00m
    #x1B[33m    will be None. Pass stdout=PIPE and/or stderr=PIPE in order to capture them,#x1B[39;49;00m
    #x1B[33m    or pass capture_output=True to capture both.#x1B[39;49;00m
    #x1B[33m#x1B[39;49;00m
    #x1B[33m    If check is True and the exit code was non-zero, it raises a#x1B[39;49;00m
    #x1B[33m    CalledProcessError. The CalledProcessError object will have the return code#x1B[39;49;00m
    #x1B[33m    in the returncode attribute, and output &amp; stderr attributes if those streams#x1B[39;49;00m
    #x1B[33m    were captured.#x1B[39;49;00m
    #x1B[33m#x1B[39;49;00m
    #x1B[33m    If timeout (seconds) is given and the process takes too long,#x1B[39;49;00m
    #x1B[33m     a TimeoutExpired exception will be raised.#x1B[39;49;00m
    #x1B[33m#x1B[39;49;00m
    #x1B[33m    There is an optional argument "input", allowing you to#x1B[39;49;00m
    #x1B[33m    pass bytes or a string to the subprocess's stdin.  If you use this argument#x1B[39;49;00m
    #x1B[33m    you may not also use the Popen constructor's "stdin" argument, as#x1B[39;49;00m
    #x1B[33m    it will be used internally.#x1B[39;49;00m
    #x1B[33m#x1B[39;49;00m
    #x1B[33m    By default, all communication is in bytes, and therefore any "input" should#x1B[39;49;00m
    #x1B[33m    be bytes, and the stdout and stderr will be bytes. If in text mode, any#x1B[39;49;00m
    #x1B[33m    "input" should be a string, and stdout and stderr will be strings decoded#x1B[39;49;00m
    #x1B[33m    according to locale encoding, or by "encoding" if set. Text mode is#x1B[39;49;00m
    #x1B[33m    triggered by setting any of text, encoding, errors or universal_newlines.#x1B[39;49;00m
    #x1B[33m#x1B[39;49;00m
    #x1B[33m    The other arguments are the same as for the Popen constructor.#x1B[39;49;00m
    #x1B[33m    """#x1B[39;49;00m#x1B[90m#x1B[39;49;00m
        #x1B[94mif#x1B[39;49;00m #x1B[96minput#x1B[39;49;00m #x1B[95mis#x1B[39;49;00m #x1B[95mnot#x1B[39;49;00m #x1B[94mNone#x1B[39;49;00m:#x1B[90m#x1B[39;49;00m
            #x1B[94mif#x1B[39;49;00m kwargs.get(#x1B[33m'#x1B[39;49;00m#x1B[33mstdin#x1B[39;49;00m#x1B[33m'#x1B[39;49;00m) #x1B[95mis#x1B[39;49;00m #x1B[95mnot#x1B[39;49;00m #x1B[94mNone#x1B[39;49;00m:#x1B[90m#x1B[39;49;00m
                #x1B[94mraise#x1B[39;49;00m #x1B[96mValueError#x1B[39;49;00m(#x1B[33m'#x1B[39;49;00m#x1B[33mstdin and input arguments may not both be used.#x1B[39;49;00m#x1B[33m'#x1B[39;49;00m)#x1B[90m#x1B[39;49;00m
            kwargs[#x1B[33m'#x1B[39;49;00m#x1B[33mstdin#x1B[39;49;00m#x1B[33m'#x1B[39;49;00m] = PIPE#x1B[90m#x1B[39;49;00m
    #x1B[90m#x1B[39;49;00m
        #x1B[94mif#x1B[39;49;00m capture_output:#x1B[90m#x1B[39;49;00m
            #x1B[94mif#x1B[39;49;00m kwargs.get(#x1B[33m'#x1B[39;49;00m#x1B[33mstdout#x1B[39;49;00m#x1B[33m'#x1B[39;49;00m) #x1B[95mis#x1B[39;49;00m #x1B[95mnot#x1B[39;49;00m #x1B[94mNone#x1B[39;49;00m #x1B[95mor#x1B[39;49;00m kwargs.get(#x1B[33m'#x1B[39;49;00m#x1B[33mstderr#x1B[39;49;00m#x1B[33m'#x1B[39;49;00m) #x1B[95mis#x1B[39;49;00m #x1B[95mnot#x1B[39;49;00m #x1B[94mNone#x1B[39;49;00m:#x1B[90m#x1B[39;49;00m
                #x1B[94mraise#x1B[39;49;00m #x1B[96mValueError#x1B[39;49;00m(#x1B[33m'#x1B[39;49;00m#x1B[33mstdout and stderr arguments may not be used #x1B[39;49;00m#x1B[33m'#x1B[39;49;00m#x1B[90m#x1B[39;49;00m
                                 #x1B[33m'#x1B[39;49;00m#x1B[33mwith capture_output.#x1B[39;49;00m#x1B[33m'#x1B[39;49;00m)#x1B[90m#x1B[39;49;00m
            kwargs[#x1B[33m'#x1B[39;49;00m#x1B[33mstdout#x1B[39;49;00m#x1B[33m'#x1B[39;49;00m] = PIPE#x1B[90m#x1B[39;49;00m
            kwargs[#x1B[33m'#x1B[39;49;00m#x1B[33mstderr#x1B[39;49;00m#x1B[33m'#x1B[39;49;00m] = PIPE#x1B[90m#x1B[39;49;00m
    #x1B[90m#x1B[39;49;00m
        #x1B[94mwith#x1B[39;49;00m Popen(*popenargs, **kwargs) #x1B[94mas#x1B[39;49;00m process:#x1B[90m#x1B[39;49;00m
            #x1B[94mtry#x1B[39;49;00m:#x1B[90m#x1B[39;49;00m
                stdout, stderr = process.communicate(#x1B[96minput#x1B[39;49;00m, timeout=timeout)#x1B[90m#x1B[39;49;00m
            #x1B[94mexcept#x1B[39;49;00m TimeoutExpired #x1B[94mas#x1B[39;49;00m exc:#x1B[90m#x1B[39;49;00m
                process.kill()#x1B[90m#x1B[39;49;00m
                #x1B[94mif#x1B[39;49;00m _mswindows:#x1B[90m#x1B[39;49;00m
                    #x1B[90m# Windows accumulates the output in a single blocking#x1B[39;49;00m#x1B[90m#x1B[39;49;00m
                    #x1B[90m# read() call run on child threads, with the timeout#x1B[39;49;00m#x1B[90m#x1B[39;49;00m
                    #x1B[90m# being done in a join() on those threads.  communicate()#x1B[39;49;00m#x1B[90m#x1B[39;49;00m
                    #x1B[90m# _after_ kill() is required to collect that and add it#x1B[39;49;00m#x1B[90m#x1B[39;49;00m
                    #x1B[90m# to the exception.#x1B[39;49;00m#x1B[90m#x1B[39;49;00m
                    exc.stdout, exc.stderr = process.communicate()#x1B[90m#x1B[39;49;00m
                #x1B[94melse#x1B[39;49;00m:#x1B[90m#x1B[39;49;00m
                    #x1B[90m# POSIX _communicate already populated the output so#x1B[39;49;00m#x1B[90m#x1B[39;49;00m
                    #x1B[90m# far into the TimeoutExpired exception.#x1B[39;49;00m#x1B[90m#x1B[39;49;00m
                    process.wait()#x1B[90m#x1B[39;49;00m
                #x1B[94mraise#x1B[39;49;00m#x1B[90m#x1B[39;49;00m
            #x1B[94mexcept#x1B[39;49;00m:  #x1B[90m# Including KeyboardInterrupt, communicate handled that.#x1B[39;49;00m#x1B[90m#x1B[39;49;00m
                process.kill()#x1B[90m#x1B[39;49;00m
                #x1B[90m# We don't call process.wait() as .__exit__ does that for us.#x1B[39;49;00m#x1B[90m#x1B[39;49;00m
                #x1B[94mraise#x1B[39;49;00m#x1B[90m#x1B[39;49;00m
            retcode = process.poll()#x1B[90m#x1B[39;49;00m
            #x1B[94mif#x1B[39;49;00m check #x1B[95mand#x1B[39;49;00m retcode:#x1B[90m#x1B[39;49;00m
&gt;               #x1B[94mraise#x1B[39;49;00m CalledProcessError(retcode, process.args,#x1B[90m#x1B[39;49;00m
                                         output=stdout, stderr=stderr)#x1B[90m#x1B[39;49;00m
#x1B[1m#x1B[31mE               subprocess.CalledProcessError: Command '['docker', 'compose', '-f', '/home/knitli/codeweaver/docker-compose.yml', '--env-file', '/tmp/pytest-of-knitli/pytest-67/test_qdrant_health_endpoint0/.env', 'up', '-d']' returned non-zero exit status 1.#x1B[0m

#x1B[1m#x1B[31m../.local/share/uv/python/cpython-3.13.9-linux-x86_64-gnu/lib/python3.13/subprocess.py#x1B[0m:577: CalledProcessError</failure></testcase><testcase classname="tests.integration.test_docker.TestDockerIgnore" name="test_dockerignore_exists" time="0.003" /><testcase classname="tests.integration.test_docker.TestDockerIgnore" name="test_dockerignore_excludes_common_patterns" time="0.002" /><testcase classname="tests.integration.test_docker.TestEnvironmentFile" name="test_env_example_exists" time="0.003" /><testcase classname="tests.integration.test_docker.TestEnvironmentFile" name="test_env_example_has_required_variables" time="0.003" /><testcase classname="tests.integration.test_docker.TestEnvironmentFile" name="test_env_example_has_license_header" time="0.002" /><testcase classname="tests.integration.test_error_recovery" name="test_sparse_only_fallback" time="0.831" /><testcase classname="tests.integration.test_error_recovery" name="test_circuit_breaker_opens" time="0.007" /><testcase classname="tests.integration.test_error_recovery" name="test_circuit_breaker_half_open" time="0.005" /><testcase classname="tests.integration.test_error_recovery" name="test_indexing_continues_on_file_errors" time="7.589" /><testcase classname="tests.integration.test_error_recovery" name="test_warning_at_25_errors" time="2.080" /><testcase classname="tests.integration.test_error_recovery" name="test_health_shows_degraded_status" time="0.190" /><testcase classname="tests.integration.test_error_recovery" name="test_retry_with_exponential_backoff" time="3.044"><failure message="AssertionError: First retry delay: 0.5133585929870605s (expected ~1s)&#10;assert 0.8 &lt; 0.5133585929870605">#x1B[0m#x1B[37m@pytest#x1B[39;49;00m.mark.integration#x1B[90m#x1B[39;49;00m
    #x1B[37m@pytest#x1B[39;49;00m.mark.asyncio#x1B[90m#x1B[39;49;00m
    #x1B[94masync#x1B[39;49;00m #x1B[94mdef#x1B[39;49;00m#x1B[90m #x1B[39;49;00m#x1B[92mtest_retry_with_exponential_backoff#x1B[39;49;00m():#x1B[90m#x1B[39;49;00m
    #x1B[90m    #x1B[39;49;00m#x1B[33m"""T013: Failed requests retry with exponential backoff.#x1B[39;49;00m
    #x1B[33m#x1B[39;49;00m
    #x1B[33m    Given: Embedding API experiencing transient errors#x1B[39;49;00m
    #x1B[33m    When: Request fails initially#x1B[39;49;00m
    #x1B[33m    Then: Retries with 1s, 2s, 4s, 8s backoff (spec FR-009c)#x1B[39;49;00m
    #x1B[33m    """#x1B[39;49;00m#x1B[90m#x1B[39;49;00m
        #x1B[90m# Create flaky provider mock#x1B[39;49;00m#x1B[90m#x1B[39;49;00m
        provider = create_flaky_provider_mock()#x1B[90m#x1B[39;49;00m
    #x1B[90m#x1B[39;49;00m
        #x1B[90m# Simulate retry logic with exponential backoff#x1B[39;49;00m#x1B[90m#x1B[39;49;00m
        #x1B[94masync#x1B[39;49;00m #x1B[94mdef#x1B[39;49;00m#x1B[90m #x1B[39;49;00m#x1B[92mretry_with_backoff#x1B[39;49;00m():#x1B[90m#x1B[39;49;00m
            max_attempts = #x1B[94m5#x1B[39;49;00m#x1B[90m#x1B[39;49;00m
            base_delay = #x1B[94m1.0#x1B[39;49;00m#x1B[90m#x1B[39;49;00m
    #x1B[90m#x1B[39;49;00m
            #x1B[94mfor#x1B[39;49;00m attempt #x1B[95min#x1B[39;49;00m #x1B[96mrange#x1B[39;49;00m(max_attempts):#x1B[90m#x1B[39;49;00m
                #x1B[94mtry#x1B[39;49;00m:#x1B[90m#x1B[39;49;00m
                    #x1B[94mreturn#x1B[39;49;00m #x1B[94mawait#x1B[39;49;00m provider.embed_query(#x1B[33m"#x1B[39;49;00m#x1B[33mtest query#x1B[39;49;00m#x1B[33m"#x1B[39;49;00m)#x1B[90m#x1B[39;49;00m
                    #x1B[90m# Success - return result#x1B[39;49;00m#x1B[90m#x1B[39;49;00m
                #x1B[94mexcept#x1B[39;49;00m #x1B[96mConnectionError#x1B[39;49;00m:#x1B[90m#x1B[39;49;00m
                    #x1B[94mif#x1B[39;49;00m attempt &lt; max_attempts - #x1B[94m1#x1B[39;49;00m:#x1B[90m#x1B[39;49;00m
                        #x1B[90m# Calculate exponential backoff delay: 1s, 2s, 4s, 8s#x1B[39;49;00m#x1B[90m#x1B[39;49;00m
                        delay = #x1B[96mmin#x1B[39;49;00m(base_delay * (#x1B[94m2#x1B[39;49;00m**attempt), #x1B[94m16#x1B[39;49;00m)#x1B[90m#x1B[39;49;00m
                        #x1B[94mawait#x1B[39;49;00m asyncio.sleep(delay)#x1B[90m#x1B[39;49;00m
                    #x1B[94melse#x1B[39;49;00m:#x1B[90m#x1B[39;49;00m
                        #x1B[94mraise#x1B[39;49;00m#x1B[90m#x1B[39;49;00m
            #x1B[94mreturn#x1B[39;49;00m #x1B[94mNone#x1B[39;49;00m#x1B[90m#x1B[39;49;00m
    #x1B[90m#x1B[39;49;00m
        #x1B[90m# Should succeed after retries#x1B[39;49;00m#x1B[90m#x1B[39;49;00m
        result = #x1B[94mawait#x1B[39;49;00m retry_with_backoff()#x1B[90m#x1B[39;49;00m
        #x1B[94massert#x1B[39;49;00m result #x1B[95mis#x1B[39;49;00m #x1B[95mnot#x1B[39;49;00m #x1B[94mNone#x1B[39;49;00m#x1B[90m#x1B[39;49;00m
        #x1B[94massert#x1B[39;49;00m result == [[#x1B[94m0.1#x1B[39;49;00m, #x1B[94m0.2#x1B[39;49;00m, #x1B[94m0.3#x1B[39;49;00m]]#x1B[90m#x1B[39;49;00m
    #x1B[90m#x1B[39;49;00m
        #x1B[90m# Access attempt data from mock#x1B[39;49;00m#x1B[90m#x1B[39;49;00m
        attempt_data = provider._attempt_data#x1B[90m#x1B[39;49;00m
        #x1B[94massert#x1B[39;49;00m attempt_data[#x1B[33m"#x1B[39;49;00m#x1B[33mcount#x1B[39;49;00m#x1B[33m"#x1B[39;49;00m][#x1B[33m"#x1B[39;49;00m#x1B[33mvalue#x1B[39;49;00m#x1B[33m"#x1B[39;49;00m] == #x1B[94m3#x1B[39;49;00m  #x1B[90m# Should have made 3 attempts#x1B[39;49;00m#x1B[90m#x1B[39;49;00m
    #x1B[90m#x1B[39;49;00m
        #x1B[90m# Verify exponential backoff timing if we have enough attempts#x1B[39;49;00m#x1B[90m#x1B[39;49;00m
        #x1B[94mif#x1B[39;49;00m #x1B[96mlen#x1B[39;49;00m(attempt_data[#x1B[33m"#x1B[39;49;00m#x1B[33mtimes#x1B[39;49;00m#x1B[33m"#x1B[39;49;00m]) &gt;= #x1B[94m3#x1B[39;49;00m:#x1B[90m#x1B[39;49;00m
            delay1 = attempt_data[#x1B[33m"#x1B[39;49;00m#x1B[33mtimes#x1B[39;49;00m#x1B[33m"#x1B[39;49;00m][#x1B[94m1#x1B[39;49;00m] - attempt_data[#x1B[33m"#x1B[39;49;00m#x1B[33mtimes#x1B[39;49;00m#x1B[33m"#x1B[39;49;00m][#x1B[94m0#x1B[39;49;00m]#x1B[90m#x1B[39;49;00m
            delay2 = attempt_data[#x1B[33m"#x1B[39;49;00m#x1B[33mtimes#x1B[39;49;00m#x1B[33m"#x1B[39;49;00m][#x1B[94m2#x1B[39;49;00m] - attempt_data[#x1B[33m"#x1B[39;49;00m#x1B[33mtimes#x1B[39;49;00m#x1B[33m"#x1B[39;49;00m][#x1B[94m1#x1B[39;49;00m]#x1B[90m#x1B[39;49;00m
    #x1B[90m#x1B[39;49;00m
            #x1B[90m# First retry after ~1s, second after ~2s#x1B[39;49;00m#x1B[90m#x1B[39;49;00m
            #x1B[90m# Allow some tolerance for execution time#x1B[39;49;00m#x1B[90m#x1B[39;49;00m
&gt;           #x1B[94massert#x1B[39;49;00m #x1B[94m0.8#x1B[39;49;00m &lt; delay1 &lt; #x1B[94m1.5#x1B[39;49;00m, #x1B[33mf#x1B[39;49;00m#x1B[33m"#x1B[39;49;00m#x1B[33mFirst retry delay: #x1B[39;49;00m#x1B[33m{#x1B[39;49;00mdelay1#x1B[33m}#x1B[39;49;00m#x1B[33ms (expected ~1s)#x1B[39;49;00m#x1B[33m"#x1B[39;49;00m#x1B[90m#x1B[39;49;00m
#x1B[1m#x1B[31mE           AssertionError: First retry delay: 0.5133585929870605s (expected ~1s)#x1B[0m
#x1B[1m#x1B[31mE           assert 0.8 &lt; 0.5133585929870605#x1B[0m

#x1B[1m#x1B[31mtests/integration/test_error_recovery.py#x1B[0m:489: AssertionError</failure></testcase><testcase classname="tests.integration.test_error_recovery" name="test_graceful_shutdown_with_checkpoint" time="0.052" /><testcase classname="tests.integration.test_error_recovery" name="test_error_logging_structured" time="0.351" /><testcase classname="tests.integration.test_health_monitoring" name="test_health_endpoint_responds" time="0.124" /><testcase classname="tests.integration.test_health_monitoring" name="test_health_response_schema_validation" time="0.120" /><testcase classname="tests.integration.test_health_monitoring" name="test_health_during_indexing" time="0.128" /><testcase classname="tests.integration.test_health_monitoring" name="test_health_status_healthy" time="0.131"><failure message="AssertionError: assert 'degraded' == 'healthy'&#10;  &#10;  #x1B[0m#x1B[91m- healthy#x1B[39;49;00m#x1B[90m#x1B[39;49;00m&#10;  #x1B[92m+ degraded#x1B[39;49;00m#x1B[90m#x1B[39;49;00m">health_service = &lt;codeweaver.server.health_service.HealthService object at 0x752b610cab10&gt;

    #x1B[0m#x1B[37m@pytest#x1B[39;49;00m.mark.integration#x1B[90m#x1B[39;49;00m
    #x1B[37m@pytest#x1B[39;49;00m.mark.asyncio#x1B[90m#x1B[39;49;00m
    #x1B[94masync#x1B[39;49;00m #x1B[94mdef#x1B[39;49;00m#x1B[90m #x1B[39;49;00m#x1B[92mtest_health_status_healthy#x1B[39;49;00m(health_service: HealthService):#x1B[90m#x1B[39;49;00m
    #x1B[90m    #x1B[39;49;00m#x1B[33m"""T012: Health status determined as 'healthy' when all services up.#x1B[39;49;00m
    #x1B[33m#x1B[39;49;00m
    #x1B[33m    Given: All services operational, indexing idle or progressing normally#x1B[39;49;00m
    #x1B[33m    When: get_health_response() called#x1B[39;49;00m
    #x1B[33m    Then: Status is 'healthy'#x1B[39;49;00m
    #x1B[33m    """#x1B[39;49;00m#x1B[90m#x1B[39;49;00m
        response = #x1B[94mawait#x1B[39;49;00m health_service.get_health_response()#x1B[90m#x1B[39;49;00m
    #x1B[90m#x1B[39;49;00m
        #x1B[90m# With mock providers all returning "up", should be healthy#x1B[39;49;00m#x1B[90m#x1B[39;49;00m
&gt;       #x1B[94massert#x1B[39;49;00m response.status == #x1B[33m"#x1B[39;49;00m#x1B[33mhealthy#x1B[39;49;00m#x1B[33m"#x1B[39;49;00m#x1B[90m#x1B[39;49;00m
#x1B[1m#x1B[31mE       AssertionError: assert 'degraded' == 'healthy'#x1B[0m
#x1B[1m#x1B[31mE         #x1B[0m
#x1B[1m#x1B[31mE         #x1B[0m#x1B[91m- healthy#x1B[39;49;00m#x1B[90m#x1B[39;49;00m#x1B[0m
#x1B[1m#x1B[31mE         #x1B[92m+ degraded#x1B[39;49;00m#x1B[90m#x1B[39;49;00m#x1B[0m

#x1B[1m#x1B[31mtests/integration/test_health_monitoring.py#x1B[0m:336: AssertionError</failure></testcase><testcase classname="tests.integration.test_health_monitoring" name="test_health_status_degraded" time="0.117" /><testcase classname="tests.integration.test_health_monitoring" name="test_health_status_unhealthy" time="0.120" /><testcase classname="tests.integration.test_health_monitoring" name="test_health_indexing_progress" time="0.345" /><testcase classname="tests.integration.test_health_monitoring" name="test_health_service_states" time="0.123" /><testcase classname="tests.integration.test_health_monitoring" name="test_health_circuit_breaker_exposure" time="0.346" /><testcase classname="tests.integration.test_health_monitoring" name="test_health_statistics" time="0.122" /><testcase classname="tests.integration.test_health_monitoring" name="test_health_performance" time="11.214" /><testcase classname="tests.integration.test_health_monitoring" name="test_health_parallel_component_collection" time="0.131" /><testcase classname="tests.integration.test_health_monitoring" name="test_health_json_serialization" time="0.123" /><testcase classname="tests.integration.test_hybrid_ranking" name="test_hybrid_search_ranking" time="0.434" /><testcase classname="tests.integration.test_hybrid_storage" name="test_store_hybrid_embeddings" time="0.432" /><testcase classname="tests.integration.test_incremental_updates" name="test_incremental_updates" time="0.375" /><testcase classname="tests.integration.test_memory_persistence" name="test_inmemory_persistence" time="0.307" /><testcase classname="tests.integration.test_model_switch" name="test_model_switch_detection" time="0.003" /><testcase classname="tests.integration.test_model_switch" name="test_provider_switch_warning" time="0.004" /><testcase classname="tests.integration.test_model_switch" name="test_dimension_mismatch_detection" time="0.004" /><testcase classname="tests.integration.test_model_switch" name="test_compatible_metadata_no_error" time="0.002" /><testcase classname="tests.integration.test_model_switch" name="test_model_switch_with_none_embedding" time="0.002" /><testcase classname="tests.integration.test_partial_embeddings" name="test_partial_embeddings" time="0.373" /><testcase classname="tests.integration.test_persistence" name="test_persistence_across_restarts" time="0.462" /><testcase classname="tests.integration.test_phase4_status_flow.TestPhase4StatusFlow" name="test_statistics_collection_during_failover" time="0.177" /><testcase classname="tests.integration.test_phase4_status_flow.TestPhase4StatusFlow" name="test_failover_notification_sent" time="0.180" /><testcase classname="tests.integration.test_phase4_status_flow.TestPhase4StatusFlow" name="test_restoration_notification_sent" time="0.173" /><testcase classname="tests.integration.test_phase4_status_flow.TestPhase4StatusFlow" name="test_health_endpoint_includes_failover_info" time="3.213" /><testcase classname="tests.integration.test_phase4_status_flow.TestPhase4StatusFlow" name="test_health_endpoint_during_failover" time="3.565" /><testcase classname="tests.integration.test_phase4_status_flow.TestPhase4StatusFlow" name="test_status_endpoint_structure" time="0.003" /><testcase classname="tests.integration.test_phase4_status_flow.TestPhase4StatusFlow" name="test_find_code_metadata_population" time="0.129" /><testcase classname="tests.integration.test_phase4_status_flow.TestPhase4StatusFlow" name="test_statistics_update_granular_control" time="0.004" /><testcase classname="tests.integration.test_phase4_status_flow.TestPhase4StatusFlow" name="test_end_to_end_failover_flow" time="3.516" /><testcase classname="tests.integration.test_phase4_status_flow.TestPhase4CLIStatus" name="test_status_command_imports" time="0.005" /><testcase classname="tests.integration.test_phase4_status_flow.TestPhase4CLIStatus" name="test_format_duration_utility" time="0.002" /><testcase classname="tests.integration.test_phase4_status_flow.TestPhase4CLIStatus" name="test_status_command_registered" time="0.004" /><testcase classname="tests.integration.test_phase4_status_flow.TestPhase4FailoverStats" name="test_failover_stats_creation" time="0.002" /><testcase classname="tests.integration.test_phase4_status_flow.TestPhase4FailoverStats" name="test_failover_stats_serialization" time="0.002" /><testcase classname="tests.integration.test_reference_queries" name="test_reference_queries_comprehensive" time="5.008" /><testcase classname="tests.integration.test_reference_queries" name="test_individual_reference_query[0]" time="3.988" /><testcase classname="tests.integration.test_reference_queries" name="test_individual_reference_query[1]" time="0.626" /><testcase classname="tests.integration.test_reference_queries" name="test_individual_reference_query[2]" time="0.572" /><testcase classname="tests.integration.test_reference_queries" name="test_individual_reference_query[3]" time="0.546" /><testcase classname="tests.integration.test_reference_queries" name="test_individual_reference_query[4]" time="0.599" /><testcase classname="tests.integration.test_reference_queries" name="test_individual_reference_query[5]" time="0.606" /><testcase classname="tests.integration.test_reference_queries" name="test_individual_reference_query[6]" time="0.529" /><testcase classname="tests.integration.test_reference_queries" name="test_individual_reference_query[7]" time="0.542" /><testcase classname="tests.integration.test_reference_queries" name="test_individual_reference_query[8]" time="0.576" /><testcase classname="tests.integration.test_reference_queries" name="test_individual_reference_query[9]" time="0.593" /><testcase classname="tests.integration.test_reference_queries" name="test_individual_reference_query[10]" time="0.551"><failure message="pydantic_core._pydantic_core.ValidationError: 1 validation error for FindCodeResponseSummary&#10;execution_time_ms&#10;  Input should be greater than or equal to 0 [type=greater_than_equal, input_value=-8426.968336105347, input_type=float]&#10;    For further information visit https://errors.pydantic.dev/2.12/v/greater_than_equal">query_index = 10

    #x1B[0m#x1B[37m@pytest#x1B[39;49;00m.mark.integration#x1B[90m#x1B[39;49;00m
    #x1B[37m@pytest#x1B[39;49;00m.mark.asyncio#x1B[90m#x1B[39;49;00m
    #x1B[37m@pytest#x1B[39;49;00m.mark.parametrize(#x1B[90m#x1B[39;49;00m
        #x1B[33m"#x1B[39;49;00m#x1B[33mquery_index#x1B[39;49;00m#x1B[33m"#x1B[39;49;00m,#x1B[90m#x1B[39;49;00m
        #x1B[96mrange#x1B[39;49;00m(#x1B[94m25#x1B[39;49;00m),  #x1B[90m# 25 reference queries in fixture#x1B[39;49;00m#x1B[90m#x1B[39;49;00m
    )#x1B[90m#x1B[39;49;00m
    #x1B[94masync#x1B[39;49;00m #x1B[94mdef#x1B[39;49;00m#x1B[90m #x1B[39;49;00m#x1B[92mtest_individual_reference_query#x1B[39;49;00m(query_index: #x1B[96mint#x1B[39;49;00m) -&gt; #x1B[94mNone#x1B[39;49;00m:#x1B[90m#x1B[39;49;00m
    #x1B[90m    #x1B[39;49;00m#x1B[33m"""Test individual reference queries for targeted debugging.#x1B[39;49;00m
    #x1B[33m#x1B[39;49;00m
    #x1B[33m    This parametrized test allows running specific queries:#x1B[39;49;00m
    #x1B[33m        pytest tests/integration/test_reference_queries.py::test_individual_reference_query[5]#x1B[39;49;00m
    #x1B[33m#x1B[39;49;00m
    #x1B[33m    Useful for debugging specific query failures without running full suite.#x1B[39;49;00m
    #x1B[33m    """#x1B[39;49;00m#x1B[90m#x1B[39;49;00m
        queries = load_reference_queries()#x1B[90m#x1B[39;49;00m
    #x1B[90m#x1B[39;49;00m
        #x1B[94mif#x1B[39;49;00m query_index &gt;= #x1B[96mlen#x1B[39;49;00m(queries):#x1B[90m#x1B[39;49;00m
            pytest.skip(#x1B[33mf#x1B[39;49;00m#x1B[33m"#x1B[39;49;00m#x1B[33mQuery index #x1B[39;49;00m#x1B[33m{#x1B[39;49;00mquery_index#x1B[33m}#x1B[39;49;00m#x1B[33m out of range (max: #x1B[39;49;00m#x1B[33m{#x1B[39;49;00m#x1B[96mlen#x1B[39;49;00m(queries)#x1B[90m #x1B[39;49;00m-#x1B[90m #x1B[39;49;00m#x1B[94m1#x1B[39;49;00m#x1B[33m}#x1B[39;49;00m#x1B[33m)#x1B[39;49;00m#x1B[33m"#x1B[39;49;00m)#x1B[90m#x1B[39;49;00m
    #x1B[90m#x1B[39;49;00m
        test_case = queries[query_index]#x1B[90m#x1B[39;49;00m
    #x1B[90m#x1B[39;49;00m
        logger.info(#x1B[33m"#x1B[39;49;00m#x1B[33mTesting query: #x1B[39;49;00m#x1B[33m'#x1B[39;49;00m#x1B[33m%s#x1B[39;49;00m#x1B[33m'#x1B[39;49;00m#x1B[33m"#x1B[39;49;00m, test_case.query)#x1B[90m#x1B[39;49;00m
    #x1B[90m#x1B[39;49;00m
        #x1B[90m# Execute find_code#x1B[39;49;00m#x1B[90m#x1B[39;49;00m
&gt;       response = #x1B[94mawait#x1B[39;49;00m find_code(test_case.query, intent=test_case.intent, max_results=#x1B[94m10#x1B[39;49;00m)#x1B[90m#x1B[39;49;00m
                   ^^^^^^^^^^^^^^^^^^^^^^^^^^^^^^^^^^^^^^^^^^^^^^^^^^^^^^^^^^^^^^^^^^^^^^^^^#x1B[90m#x1B[39;49;00m

#x1B[1m#x1B[31mtests/integration/test_reference_queries.py#x1B[0m:356: 
_ _ _ _ _ _ _ _ _ _ _ _ _ _ _ _ _ _ _ _ _ _ _ _ _ _ _ _ _ _ _ _ _ _ _ _ _ _ _ _ 
#x1B[1m#x1B[31msrc/codeweaver/agent_api/find_code/__init__.py#x1B[0m:404: in find_code
    #x1B[0merror_response = build_error_response(e, intent, execution_time_ms)#x1B[90m#x1B[39;49;00m
                     ^^^^^^^^^^^^^^^^^^^^^^^^^^^^^^^^^^^^^^^^^^^^^^^^^^#x1B[90m#x1B[39;49;00m
_ _ _ _ _ _ _ _ _ _ _ _ _ _ _ _ _ _ _ _ _ _ _ _ _ _ _ _ _ _ _ _ _ _ _ _ _ _ _ _ 

error = ProviderError('Search operation failed: Unexpected Response: 400 (Bad Request)\nRaw response content:\nb\'{"status":{"error":"Wrong input: Vector dimension error: expected dim: 512, got 384"},"time":0.001635796}\'')
query_intent = &lt;IntentType.IMPLEMENT: 'implement'&gt;
execution_time_ms = -8426.968336105347

    #x1B[0m#x1B[94mdef#x1B[39;49;00m#x1B[90m #x1B[39;49;00m#x1B[92mbuild_error_response#x1B[39;49;00m(#x1B[90m#x1B[39;49;00m
        error: #x1B[96mException#x1B[39;49;00m, query_intent: IntentType | #x1B[94mNone#x1B[39;49;00m, execution_time_ms: #x1B[96mfloat#x1B[39;49;00m#x1B[90m#x1B[39;49;00m
    ) -&gt; FindCodeResponseSummary:#x1B[90m#x1B[39;49;00m
    #x1B[90m    #x1B[39;49;00m#x1B[33m"""Build an error response with graceful degradation.#x1B[39;49;00m
    #x1B[33m#x1B[39;49;00m
    #x1B[33m    Args:#x1B[39;49;00m
    #x1B[33m        error: Exception that occurred#x1B[39;49;00m
    #x1B[33m        query_intent: Optional detected query intent#x1B[39;49;00m
    #x1B[33m        execution_time_ms: Execution time in milliseconds#x1B[39;49;00m
    #x1B[33m#x1B[39;49;00m
[...]
arch_event_without_tools_over_privacy" time="0.005" /><testcase classname="tests.unit.server.test_telemetry_integration.TestContextManagement" name="test_start_session" time="0.004" /><testcase classname="tests.unit.server.test_telemetry_integration.TestContextManagement" name="test_end_session" time="0.005" /><testcase classname="tests.unit.server.test_telemetry_integration.TestContextManagement" name="test_context_manager" time="0.005" /><testcase classname="tests.unit.server.test_telemetry_integration.TestContextManagement" name="test_feature_flag_returns_none_when_disabled" time="0.004" /><testcase classname="tests.unit.server.test_telemetry_integration.TestContextManagement" name="test_get_all_feature_flags_returns_empty_when_disabled" time="0.005" /><testcase classname="tests.unit.server.test_telemetry_integration.TestConvenienceFunctions" name="test_capture_session_event_respects_opt_out" time="0.006" /><testcase classname="tests.unit.server.test_telemetry_integration.TestConvenienceFunctions" name="test_capture_search_event_respects_opt_out" time="0.009" /><testcase classname="tests.unit.telemetry.test_privacy_serialization.TestBasedModelPrivacySerialization" name="test_basedmodel_filters_forbidden_keys" time="0.010" /><testcase classname="tests.unit.telemetry.test_privacy_serialization.TestBasedModelPrivacySerialization" name="test_basedmodel_converts_to_boolean" time="0.006" /><testcase classname="tests.unit.telemetry.test_privacy_serialization.TestBasedModelPrivacySerialization" name="test_basedmodel_counts_items" time="0.005" /><testcase classname="tests.unit.telemetry.test_privacy_serialization.TestBasedModelPrivacySerialization" name="test_basedmodel_hashes_values" time="0.013" /><testcase classname="tests.unit.telemetry.test_privacy_serialization.TestBasedModelPrivacySerialization" name="test_basedmodel_distribution" time="0.007" /><testcase classname="tests.unit.telemetry.test_privacy_serialization.TestBasedModelPrivacySerialization" name="test_basedmodel_no_telemetry_keys" time="0.007" /><testcase classname="tests.unit.telemetry.test_privacy_serialization.TestDataclassPrivacySerialization" name="test_dataclass_filters_forbidden_keys" time="0.012" /><testcase classname="tests.unit.telemetry.test_privacy_serialization.TestDataclassPrivacySerialization" name="test_dataclass_counts_items" time="0.009" /><testcase classname="tests.unit.telemetry.test_privacy_serialization.TestTelemetryHandlerOverride" name="test_telemetry_handler_override" time="0.006" /><testcase classname="tests.unit.test_client_factory.TestClientMapLookup" name="test_unknown_provider_returns_none" time="0.005" /><testcase classname="tests.unit.test_client_factory.TestClientMapLookup" name="test_provider_without_matching_kind_returns_none" time="0.005" /><testcase classname="tests.unit.test_client_factory.TestClientMapLookup" name="test_pydantic_ai_provider_returns_none" time="0.005" /><testcase classname="tests.unit.test_client_factory.TestClientMapLookup" name="test_provider_without_client_returns_none" time="0.006" /><testcase classname="tests.unit.test_client_factory.TestClientMapLookup" name="test_lazy_import_resolution_error_raises" time="0.008" /><testcase classname="tests.unit.test_client_factory.TestInstantiateClient" name="test_bedrock_creates_boto3_client" time="0.006" /><testcase classname="tests.unit.test_client_factory.TestInstantiateClient" name="test_bedrock_default_region" time="0.005" /><testcase classname="tests.unit.test_client_factory.TestInstantiateClient" name="test_google_uses_api_key" time="0.006" /><testcase classname="tests.unit.test_client_factory.TestInstantiateClient" name="test_google_fallback_to_env_var" time="0.008" /><testcase classname="tests.unit.test_client_factory.TestInstantiateClient" name="test_qdrant_memory_mode" time="0.005" /><testcase classname="tests.unit.test_client_factory.TestInstantiateClient" name="test_qdrant_url_mode" time="0.004" /><testcase classname="tests.unit.test_client_factory.TestInstantiateClient" name="test_qdrant_path_mode" time="0.005" /><testcase classname="tests.unit.test_client_factory.TestInstantiateClient" name="test_local_model_with_model_name" time="0.005" /><testcase classname="tests.unit.test_client_factory.TestInstantiateClient" name="test_local_model_without_model_name" time="0.005" /><testcase classname="tests.unit.test_client_factory.TestInstantiateClient" name="test_api_key_from_provider_settings" time="0.005" /><testcase classname="tests.unit.test_client_factory.TestInstantiateClient" name="test_api_key_from_env_var" time="0.006" /><testcase classname="tests.unit.test_client_factory.TestInstantiateClient" name="test_missing_required_api_key_raises" time="0.006" /><testcase classname="tests.unit.test_client_factory.TestInstantiateClient" name="test_api_key_and_base_url" time="0.006" /><testcase classname="tests.unit.test_client_factory.TestClientOptionsHandling" name="test_client_options_passed_to_instantiate" time="0.006" /><testcase classname="tests.unit.test_client_factory.TestClientOptionsHandling" name="test_empty_client_options" time="0.005" /><testcase classname="tests.unit.test_client_factory.TestProviderKindNormalization" name="test_string_provider_kind_normalized" time="0.010" /><testcase classname="tests.unit.test_file_manifest.TestIndexFileManifest" name="test_add_file_new" time="0.007" /><testcase classname="tests.unit.test_file_manifest.TestIndexFileManifest" name="test_add_file_update_existing" time="0.005" /><testcase classname="tests.unit.test_file_manifest.TestIndexFileManifest" name="test_remove_file" time="0.007" /><testcase classname="tests.unit.test_file_manifest.TestIndexFileManifest" name="test_remove_nonexistent_file" time="0.005" /><testcase classname="tests.unit.test_file_manifest.TestIndexFileManifest" name="test_file_changed_new_file" time="0.009" /><testcase classname="tests.unit.test_file_manifest.TestIndexFileManifest" name="test_file_changed_modified_content" time="0.006" /><testcase classname="tests.unit.test_file_manifest.TestIndexFileManifest" name="test_file_unchanged" time="0.008" /><testcase classname="tests.unit.test_file_manifest.TestIndexFileManifest" name="test_get_chunk_ids_for_file" time="0.009" /><testcase classname="tests.unit.test_file_manifest.TestIndexFileManifest" name="test_get_chunk_ids_for_nonexistent_file" time="0.009" /><testcase classname="tests.unit.test_file_manifest.TestIndexFileManifest" name="test_get_all_file_paths" time="0.006" /><testcase classname="tests.unit.test_file_manifest.TestIndexFileManifest" name="test_get_stats" time="0.006" /><testcase classname="tests.unit.test_file_manifest.TestFileManifestManager" name="test_save_and_load" time="0.012" /><testcase classname="tests.unit.test_file_manifest.TestFileManifestManager" name="test_load_nonexistent" time="0.006" /><testcase classname="tests.unit.test_file_manifest.TestFileManifestManager" name="test_delete" time="0.008" /><testcase classname="tests.unit.test_file_manifest.TestFileManifestManager" name="test_create_new" time="0.006" /><testcase classname="tests.unit.test_file_manifest.TestIncrementalIndexing" name="test_skip_unchanged_files" time="0.011" /><testcase classname="tests.unit.test_file_manifest.TestIncrementalIndexing" name="test_detect_new_files" time="0.007" /><testcase classname="tests.unit.test_file_manifest.TestIncrementalIndexing" name="test_detect_modified_files" time="0.006" /><testcase classname="tests.unit.test_file_manifest.TestIncrementalIndexing" name="test_detect_deleted_files" time="0.006" /><testcase classname="tests.unit.test_file_manifest.TestIncrementalIndexing" name="test_update_manifest_after_indexing" time="0.008" /><testcase classname="tests.unit.test_indexer_config" name="test_excludes_are_respected" time="0.073" /><testcase classname="tests.unit.test_indexer_config" name="test_excludes_field_exists" time="0.056" /><testcase classname="tests.unit.test_indexer_config" name="test_empty_excludes" time="0.063" /><testcase classname="tests.unit.test_indexer_config" name="test_glob_pattern_excludes" time="0.069" /><testcase classname="tests.unit.test_indexer_remove_path.TestRemovePathWithDeletedFiles" name="test_remove_deleted_file_from_store" time="0.069" /><testcase classname="tests.unit.test_indexer_remove_path.TestRemovePathWithDeletedFiles" name="test_remove_existing_file_from_store" time="0.068" /><testcase classname="tests.unit.test_indexer_remove_path.TestRemovePathWithDeletedFiles" name="test_remove_nonexistent_file_returns_zero" time="0.058" /><testcase classname="tests.unit.test_indexer_remove_path.TestRemovePathWithDeletedFiles" name="test_remove_with_multiple_files_in_store" time="0.134" /><testcase classname="tests.unit.test_indexer_remove_path.TestRemovePathWithDeletedFiles" name="test_remove_handles_malformed_entries_gracefully" time="0.121" /><testcase classname="tests.unit.test_indexer_stale_point_removal.TestStalePointRemovalInIndexFile" name="test_deletes_old_chunks_for_modified_file" time="0.093" /><testcase classname="tests.unit.test_indexer_stale_point_removal.TestStalePointRemovalInIndexFile" name="test_no_deletion_for_new_file" time="0.097" /><testcase classname="tests.unit.test_indexer_stale_point_removal.TestStalePointRemovalInIndexFile" name="test_deletion_continues_on_error" time="0.122" /><testcase classname="tests.unit.test_indexer_stale_point_removal.TestStalePointRemovalInBatchIndexing" name="test_batch_deletes_old_chunks_for_modified_files" time="0.128" /><testcase classname="tests.unit.test_indexer_stale_point_removal.TestStalePointRemovalInBatchIndexing" name="test_batch_deletes_multiple_modified_files" time="0.126" /><testcase classname="tests.unit.test_indexer_stale_point_removal.TestOrphanDetectionInValidation" name="test_detects_orphaned_chunks" time="0.064" /><testcase classname="tests.unit.test_indexer_stale_point_removal.TestOrphanDetectionInValidation" name="test_detects_missing_chunks" time="0.054" /><testcase classname="tests.unit.test_indexer_stale_point_removal.TestOrphanDetectionInValidation" name="test_no_issues_when_store_matches_manifest" time="0.056" /><testcase classname="tests.unit.test_indexer_stale_point_removal.TestOrphanDetectionInValidation" name="test_handles_empty_manifest" time="0.055" /><testcase classname="tests.unit.test_introspection.TestCleanArgs" name="test_simple_function_filters_extra_kwargs" time="0.006" /><testcase classname="tests.unit.test_introspection.TestCleanArgs" name="test_function_with_kwargs_passes_all_args" time="0.005" /><testcase classname="tests.unit.test_introspection.TestCleanArgs" name="test_function_with_optional_params" time="0.004" /><testcase classname="tests.unit.test_introspection.TestCleanArgs" name="test_client_options_unpacking_with_kwargs" time="0.005" /><testcase classname="tests.unit.test_introspection.TestCleanArgs" name="test_provider_settings_unpacking_with_kwargs" time="0.006" /><testcase classname="tests.unit.test_introspection.TestCleanArgs" name="test_kwargs_key_is_merged" time="0.004" /><testcase classname="tests.unit.test_introspection.TestCleanArgs" name="test_class_constructor" time="0.004" /><testcase classname="tests.unit.test_introspection.TestCleanArgs" name="test_class_constructor_with_kwargs" time="0.005" /><testcase classname="tests.unit.test_introspection.TestCleanArgs" name="test_no_extra_kwargs_without_kwargs_param" time="0.005" /><testcase classname="tests.unit.test_introspection.TestCleanArgs" name="test_provider_settings_filtered_without_kwargs_param" time="0.005" /><testcase classname="tests.unit.test_introspection.TestIntrospectionHelpers" name="test_keyword_args" time="0.007" /><testcase classname="tests.unit.test_introspection.TestIntrospectionHelpers" name="test_positional_args" time="0.004" /><testcase classname="tests.unit.test_introspection.TestIntrospectionHelpers" name="test_takes_kwargs_true" time="0.004" /><testcase classname="tests.unit.test_introspection.TestIntrospectionHelpers" name="test_takes_kwargs_false" time="0.004" /><testcase classname="tests.unit.test_manifest_embedding_metadata.TestEmbeddingMetadataTracking" name="test_add_file_with_dense_embedding_metadata" time="0.006" /><testcase classname="tests.unit.test_manifest_embedding_metadata.TestEmbeddingMetadataTracking" name="test_add_file_with_sparse_embedding_metadata" time="0.009" /><testcase classname="tests.unit.test_manifest_embedding_metadata.TestEmbeddingMetadataTracking" name="test_add_file_with_both_embedding_types" time="0.007" /><testcase classname="tests.unit.test_manifest_embedding_metadata.TestEmbeddingMetadataTracking" name="test_backward_compatibility_v1_0_0" time="0.008" /><testcase classname="tests.unit.test_manifest_embedding_metadata.TestModelChangeDetection" name="test_file_needs_reindexing_new_file" time="0.006" /><testcase classname="tests.unit.test_manifest_embedding_metadata.TestModelChangeDetection" name="test_file_needs_reindexing_content_changed" time="0.010" /><testcase classname="tests.unit.test_manifest_embedding_metadata.TestModelChangeDetection" name="test_file_needs_reindexing_dense_model_changed" time="0.009" /><testcase classname="tests.unit.test_manifest_embedding_metadata.TestModelChangeDetection" name="test_file_needs_reindexing_sparse_model_changed" time="0.007" /><testcase classname="tests.unit.test_manifest_embedding_metadata.TestModelChangeDetection" name="test_file_unchanged_same_models" time="0.006" /><testcase classname="tests.unit.test_manifest_embedding_metadata.TestModelChangeDetection" name="test_file_unchanged_no_embeddings" time="0.006" /><testcase classname="tests.unit.test_manifest_embedding_metadata.TestGetEmbeddingModelInfo" name="test_get_embedding_model_info_with_metadata" time="0.007" /><testcase classname="tests.unit.test_manifest_embedding_metadata.TestGetEmbeddingModelInfo" name="test_get_embedding_model_info_nonexistent_file" time="0.008" /><testcase classname="tests.unit.test_manifest_embedding_metadata.TestGetEmbeddingModelInfo" name="test_get_embedding_model_info_legacy_file" time="0.006" /><testcase classname="tests.unit.test_manifest_embedding_metadata.TestManifestPersistence" name="test_save_and_load_with_embedding_metadata" time="0.006" /><testcase classname="tests.unit.test_manifest_validation.TestManifestValidation" name="test_add_file_none_path" time="0.005" /><testcase classname="tests.unit.test_manifest_validation.TestManifestValidation" name="test_add_file_empty_path" time="0.006" /><testcase classname="tests.unit.test_manifest_validation.TestManifestValidation" name="test_add_file_dot_path" time="0.006" /><testcase classname="tests.unit.test_manifest_validation.TestManifestValidation" name="test_add_file_absolute_path" time="0.006" /><testcase classname="tests.unit.test_manifest_validation.TestManifestValidation" name="test_add_file_path_traversal" time="0.005" /><testcase classname="tests.unit.test_manifest_validation.TestManifestValidation" name="test_add_file_empty_chunk_ids" time="0.008" /><testcase classname="tests.unit.test_manifest_validation.TestManifestValidation" name="test_add_file_valid_relative_path" time="0.007" /><testcase classname="tests.unit.test_manifest_validation.TestManifestValidation" name="test_remove_file_none_path" time="0.007" /><testcase classname="tests.unit.test_manifest_validation.TestManifestValidation" name="test_get_file_none_path" time="0.005" /><testcase classname="tests.unit.test_manifest_validation.TestManifestValidation" name="test_has_file_none_path" time="0.006" /><testcase classname="tests.unit.test_manifest_validation.TestManifestValidation" name="test_file_changed_none_path" time="0.006" /><testcase classname="tests.unit.test_manifest_validation.TestManifestValidation" name="test_get_chunk_ids_none_path" time="0.006" /><testcase classname="tests.unit.test_manifest_validation.TestManifestEdgeCases" name="test_duplicate_chunk_ids" time="0.005" /><testcase classname="tests.unit.test_manifest_validation.TestManifestEdgeCases" name="test_update_with_different_chunk_count" time="0.007" /><testcase classname="tests.unit.test_manifest_validation.TestManifestEdgeCases" name="test_nested_relative_paths" time="0.005" /><testcase classname="tests.unit.test_manifest_validation.TestManifestEdgeCases" name="test_path_with_special_chars" time="0.007" /><testcase classname="tests.unit.test_manifest_vector_store_validation.TestManifestVectorStoreValidation" name="test_get_all_chunk_ids" time="0.006" /><testcase classname="tests.unit.test_manifest_vector_store_validation.TestManifestVectorStoreValidation" name="test_get_all_chunk_ids_empty" time="0.005" /><testcase classname="tests.unit.test_manifest_vector_store_validation.TestManifestVectorStoreValidation" name="test_get_files_by_embedding_config_dense_only" time="0.008" /><testcase classname="tests.unit.test_manifest_vector_store_validation.TestManifestVectorStoreValidation" name="test_get_files_by_embedding_config_sparse_only" time="0.005" /><testcase classname="tests.unit.test_manifest_vector_store_validation.TestManifestVectorStoreValidation" name="test_get_files_by_embedding_config_both" time="0.005" /><testcase classname="tests.unit.test_manifest_vector_store_validation.TestSelectiveReindexing" name="test_get_files_needing_dense_embeddings" time="0.005" /><testcase classname="tests.unit.test_manifest_vector_store_validation.TestSelectiveReindexing" name="test_get_files_needing_sparse_embeddings" time="0.006" /><testcase classname="tests.unit.test_manifest_vector_store_validation.TestSelectiveReindexing" name="test_get_files_needing_embeddings_no_provider" time="0.006" /><testcase classname="tests.unit.test_manifest_vector_store_validation.TestSelectiveReindexing" name="test_get_files_needing_embeddings_all_complete" time="0.008" /><testcase classname="tests.unit.test_manifest_vector_store_validation.TestSelectiveReindexing" name="test_priority_dense_over_sparse" time="0.006" /><testcase classname="tests.unit.ui.test_unified_ux.TestStatusDisplay" name="test_status_display_initialization" time="0.007" /><testcase classname="tests.unit.ui.test_unified_ux.TestStatusDisplay" name="test_status_display_with_custom_console" time="0.006" /><testcase classname="tests.unit.ui.test_unified_ux.TestStatusDisplay" name="test_print_info" time="0.004" /><testcase classname="tests.unit.ui.test_unified_ux.TestStatusDisplay" name="test_print_success" time="0.005" /><testcase classname="tests.unit.ui.test_unified_ux.TestStatusDisplay" name="test_print_error" time="0.004" /><testcase classname="tests.unit.ui.test_unified_ux.TestStatusDisplay" name="test_print_warning" time="0.005" /><testcase classname="tests.unit.ui.test_unified_ux.TestStatusDisplay" name="test_print_section" time="0.007" /><testcase classname="tests.unit.ui.test_unified_ux.TestStatusDisplay" name="test_print_table" time="0.008" /><testcase classname="tests.unit.ui.test_unified_ux.TestStatusDisplay" name="test_print_progress" time="0.006" /><testcase classname="tests.unit.ui.test_unified_ux.TestCLIErrorHandler" name="test_cli_error_handler_initialization" time="0.006" /><testcase classname="tests.unit.ui.test_unified_ux.TestCLIErrorHandler" name="test_cli_error_handler_verbose_mode" time="0.007" /><testcase classname="tests.unit.ui.test_unified_ux.TestCLIErrorHandler" name="test_cli_error_handler_debug_mode" time="0.005" /><testcase classname="tests.unit.ui.test_unified_ux.TestCLIErrorHandler" name="test_handle_codeweaver_error" time="0.007" /><testcase classname="tests.unit.ui.test_unified_ux.TestCLIErrorHandler" name="test_handle_unexpected_error" time="0.040" /><testcase classname="tests.unit.ui.test_unified_ux.TestUnifiedUXIntegration" name="test_display_and_error_handler_work_together" time="0.007" /><testcase classname="tests.unit.ui.test_unified_ux.TestDoctorConsoleProxy" name="test_console_proxy_delegates_to_current_display" time="0.005" /><testcase classname="tests.unit.ui.test_unified_ux.TestDoctorConsoleProxy" name="test_console_proxy_has_required_methods" time="0.016" /></testsuite></testsuites>